#
# There is insufficient memory for the Java Runtime Environment to continue.
# Native memory allocation (malloc) failed to allocate 742976 bytes for Chunk::new
# Possible reasons:
#   The system is out of physical RAM or swap space
#   The process is running with CompressedOops enabled, and the Java Heap may be blocking the growth of the native heap
# Possible solutions:
#   Reduce memory load on the system
#   Increase physical memory or swap space
#   Check if swap backing store is full
#   Decrease Java heap size (-Xmx/-Xms)
#   Decrease number of Java threads
#   Decrease Java thread stack sizes (-Xss)
#   Set larger code cache with -XX:ReservedCodeCacheSize=
#   JVM is running with Unscaled Compressed Oops mode in which the Java heap is
#     placed in the first 4GB address space. The Java Heap base address is the
#     maximum limit for the native heap growth. Please use -XX:HeapBaseMinAddress
#     to set the Java Heap base and to place the Java Heap above 4GB virtual address.
# This output file may be truncated or incomplete.
#
#  Out of Memory Error (allocation.cpp:389), pid=24464, tid=0x00000000000038ec
#
# JRE version: OpenJDK Runtime Environment (8.0_202-b03) (build 1.8.0_202-release-1483-b03)
# Java VM: OpenJDK 64-Bit Server VM (25.202-b03 mixed mode windows-amd64 compressed oops)
# Failed to write core dump. Minidumps are not enabled by default on client versions of Windows
#

---------------  T H R E A D  ---------------

Current thread (0x00000000187bf000):  JavaThread "C2 CompilerThread1" daemon [_thread_in_native, id=14572, stack(0x0000000019190000,0x0000000019290000)]

Stack: [0x0000000019190000,0x0000000019290000]
[error occurred during error reporting (printing stack bounds), id 0xc0000005]

Native frames: (J=compiled Java code, j=interpreted, Vv=VM code, C=native code)


Current CompileTask:
C2:  29743 4959       4       java.net.URLClassLoader$1::run (5 bytes)


---------------  P R O C E S S  ---------------

Java Threads: ( => current thread )
  0x000000001fc12000 JavaThread "Cache worker for file content cache (C:\Users\Asus\AndroidStudioProjects\Ticketer\.gradle\5.4.1\fileContent)" [_thread_blocked, id=12600, stack(0x00000000259e0000,0x0000000025ae0000)]
  0x000000001fc18800 JavaThread "Cache worker for file content cache (C:\Users\Asus\.gradle\caches\5.4.1\fileContent)" [_thread_blocked, id=19480, stack(0x0000000025640000,0x0000000025740000)]
  0x000000001fc18000 JavaThread "Memory manager" [_thread_blocked, id=8908, stack(0x0000000025340000,0x0000000025440000)]
  0x000000001fc16800 JavaThread "Cache worker for Build Output Cleanup Cache (C:\Users\Asus\AndroidStudioProjects\Ticketer\.gradle\buildOutputCleanup)" [_thread_blocked, id=11344, stack(0x0000000024a40000,0x0000000024b40000)]
  0x000000001fc10800 JavaThread "Build operations Thread 8" [_thread_blocked, id=7932, stack(0x00000000232b0000,0x00000000233b0000)]
  0x000000001fc14000 JavaThread "Build operations Thread 7" [_thread_blocked, id=23396, stack(0x0000000022f80000,0x0000000023080000)]
  0x000000001fc15000 JavaThread "Build operations Thread 6" [_thread_blocked, id=12464, stack(0x0000000022e80000,0x0000000022f80000)]
  0x000000001fc0f800 JavaThread "Build operations Thread 5" [_thread_blocked, id=14240, stack(0x0000000022d80000,0x0000000022e80000)]
  0x000000001fc0e000 JavaThread "Build operations Thread 4" [_thread_blocked, id=6240, stack(0x0000000022c80000,0x0000000022d80000)]
  0x000000001fc11000 JavaThread "Build operations Thread 3" [_thread_blocked, id=23544, stack(0x0000000022b80000,0x0000000022c80000)]
  0x000000001fc13800 JavaThread "Build operations Thread 2" [_thread_blocked, id=10628, stack(0x0000000022a80000,0x0000000022b80000)]
  0x000000001fc12800 JavaThread "Build operations" [_thread_blocked, id=16332, stack(0x0000000022980000,0x0000000022a80000)]
  0x000000001fc0f000 JavaThread "Cache worker for execution history cache (C:\Users\Asus\.gradle\caches\5.4.1\executionHistory)" [_thread_blocked, id=5148, stack(0x00000000218b0000,0x00000000219b0000)]
  0x000000001fc0d000 JavaThread "Cache worker for cache directory md-rule (C:\Users\Asus\.gradle\caches\5.4.1\md-rule)" [_thread_blocked, id=2604, stack(0x00000000210e0000,0x00000000211e0000)]
  0x000000001a3a6000 JavaThread "Cache worker for cache directory md-supplier (C:\Users\Asus\.gradle\caches\5.4.1\md-supplier)" [_thread_blocked, id=21676, stack(0x000000001f950000,0x000000001fa50000)]
  0x000000001a3a7800 JavaThread "Cache worker for file hash cache (C:\Users\Asus\AndroidStudioProjects\Ticketer\.gradle\5.4.1\fileHashes)" [_thread_blocked, id=15488, stack(0x000000001f650000,0x000000001f750000)]
  0x000000001a3a6800 JavaThread "Cache worker for journal cache (C:\Users\Asus\.gradle\caches\journal-1)" [_thread_blocked, id=19644, stack(0x000000001c3e0000,0x000000001c4e0000)]
  0x000000001a3a9800 JavaThread "File lock request listener" [_thread_in_native, id=8640, stack(0x000000001c2e0000,0x000000001c3e0000)]
  0x000000001a3a8000 JavaThread "Cache worker for file hash cache (C:\Users\Asus\.gradle\caches\5.4.1\fileHashes)" [_thread_blocked, id=10752, stack(0x000000001c1e0000,0x000000001c2e0000)]
  0x0000000019ac3000 JavaThread "Thread-9" [_thread_blocked, id=23416, stack(0x000000001c0e0000,0x000000001c1e0000)]
  0x0000000019f26000 JavaThread "Stdin handler" [_thread_blocked, id=10772, stack(0x000000001bfe0000,0x000000001c0e0000)]
  0x0000000019f25800 JavaThread "Asynchronous log dispatcher for DefaultDaemonConnection: socket connection from /127.0.0.1:64529 to /127.0.0.1:64530" [_thread_blocked, id=12948, stack(0x000000001bde0000,0x000000001bee0000)]
  0x00000000189b3800 JavaThread "Daemon worker" [_thread_in_native, id=380, stack(0x000000001bce0000,0x000000001bde0000)]
  0x00000000189ae000 JavaThread "Cancel handler" [_thread_blocked, id=18824, stack(0x000000001bbe0000,0x000000001bce0000)]
  0x00000000188bc800 JavaThread "Handler for socket connection from /127.0.0.1:64529 to /127.0.0.1:64530" [_thread_in_native, id=20208, stack(0x000000001b8e0000,0x000000001b9e0000)]
  0x0000000018b6f000 JavaThread "Daemon" [_thread_blocked, id=20176, stack(0x000000001b7e0000,0x000000001b8e0000)]
  0x0000000018b69000 JavaThread "Daemon periodic checks" [_thread_blocked, id=11428, stack(0x000000001b6e0000,0x000000001b7e0000)]
  0x000000001991b800 JavaThread "Incoming local TCP Connector on port 64529" [_thread_in_native, id=19848, stack(0x000000001b4a0000,0x000000001b5a0000)]
  0x000000001a692000 JavaThread "Daemon health stats" [_thread_blocked, id=22064, stack(0x000000001ae60000,0x000000001af60000)]
  0x0000000018847800 JavaThread "Service Thread" daemon [_thread_blocked, id=25108, stack(0x0000000019490000,0x0000000019590000)]
  0x00000000187ca000 JavaThread "C1 CompilerThread3" daemon [_thread_blocked, id=22896, stack(0x0000000019390000,0x0000000019490000)]
  0x00000000187c4800 JavaThread "C2 CompilerThread2" daemon [_thread_in_native, id=904, stack(0x0000000019290000,0x0000000019390000)]
=>0x00000000187bf000 JavaThread "C2 CompilerThread1" daemon [_thread_in_native, id=14572, stack(0x0000000019190000,0x0000000019290000)]
  0x00000000187bc800 JavaThread "C2 CompilerThread0" daemon [_thread_in_native, id=18424, stack(0x0000000019090000,0x0000000019190000)]
  0x00000000187b8000 JavaThread "Attach Listener" daemon [_thread_blocked, id=15408, stack(0x0000000018f90000,0x0000000019090000)]
  0x00000000187b7000 JavaThread "Signal Dispatcher" daemon [_thread_blocked, id=24708, stack(0x0000000018e90000,0x0000000018f90000)]
  0x0000000002bf9000 JavaThread "Finalizer" daemon [_thread_blocked, id=21964, stack(0x0000000018c90000,0x0000000018d90000)]
  0x0000000002bf6000 JavaThread "Reference Handler" daemon [_thread_blocked, id=9184, stack(0x0000000018b90000,0x0000000018c90000)]
  0x000000000296e000 JavaThread "main" [_thread_blocked, id=16716, stack(0x0000000002a00000,0x0000000002b00000)]

Other Threads:
  0x00000000169b8000 VMThread [stack: 0x0000000018690000,0x0000000018790000] [id=3084]
  0x0000000018848800 WatcherThread [stack: 0x0000000019590000,0x0000000019690000] [id=15812]

VM state:not at safepoint (normal execution)

VM Mutex/Monitor currently owned by a thread: None

heap address: 0x00000000a0000000, size: 1536 MB, Compressed Oops mode: 32-bit
Narrow klass base: 0x0000000000000000, Narrow klass shift: 3
Compressed class space size: 1073741824 Address: 0x0000000100000000

Heap:
 PSYoungGen      total 98304K, used 19162K [0x00000000e0000000, 0x00000000e8600000, 0x0000000100000000)
  eden space 83456K, 5% used [0x00000000e0000000,0x00000000e04bf118,0x00000000e5180000)
  from space 14848K, 96% used [0x00000000e7780000,0x00000000e8577750,0x00000000e8600000)
  to   space 13312K, 0% used [0x00000000e5180000,0x00000000e5180000,0x00000000e5e80000)
 ParOldGen       total 95232K, used 21386K [0x00000000a0000000, 0x00000000a5d00000, 0x00000000e0000000)
  object space 95232K, 22% used [0x00000000a0000000,0x00000000a14e2bf8,0x00000000a5d00000)
 Metaspace       used 56197K, capacity 57736K, committed 58024K, reserved 1099776K
  class space    used 7656K, capacity 8055K, committed 8104K, reserved 1048576K

Card table byte_map: [0x0000000011fc0000,0x00000000122d0000] byte_map_base: 0x0000000011ac0000

Marking Bits: (ParMarkBitMap*) 0x00000000735c9f30
 Begin Bits: [0x0000000012cd0000, 0x00000000144d0000)
 End Bits:   [0x00000000144d0000, 0x0000000015cd0000)

Polling page: 0x00000000028f0000

CodeCache: size=245760Kb used=15662Kb max_used=15927Kb free=230097Kb
 bounds [0x0000000002c00000, 0x0000000003ba0000, 0x0000000011c00000]
 total_blobs=5342 nmethods=4560 adapters=695
 compilation: enabled

Compilation events (10 events):
Event: 29.679 Thread 0x00000000187ca000 5011       1       com.sun.xml.bind.v2.model.impl.TypeRefImpl::getTagName (5 bytes)
Event: 29.679 Thread 0x00000000187ca000 nmethod 5011 0x00000000036aa6d0 code [0x00000000036aa820, 0x00000000036aa930]
Event: 29.679 Thread 0x00000000187ca000 5012       3       com.sun.xml.bind.v2.util.QNameMap::hash (36 bytes)
Event: 29.679 Thread 0x00000000187ca000 nmethod 5012 0x00000000036aa290 code [0x00000000036aa400, 0x00000000036aa608]
Event: 29.689 Thread 0x00000000187ca000 5014       3       java.util.regex.Pattern$BmpCharProperty::match (50 bytes)
Event: 29.690 Thread 0x00000000187ca000 nmethod 5014 0x0000000002efe5d0 code [0x0000000002efe760, 0x0000000002efec08]
Event: 29.705 Thread 0x00000000187c4800 nmethod 4971 0x0000000002e08f10 code [0x0000000002e091e0, 0x0000000002e0b548]
Event: 29.705 Thread 0x00000000187c4800 4996       4       java.io.WinNTFileSystem::normalize (231 bytes)
Event: 29.733 Thread 0x00000000187c4800 nmethod 4996 0x00000000032486d0 code [0x0000000003248920, 0x000000000324aa20]
Event: 29.733 Thread 0x00000000187c4800 5008   !   4       sun.misc.URLClassPath$JarLoader::getResource (85 bytes)

GC Heap History (10 events):
Event: 17.094 GC heap before
{Heap before GC invocations=12 (full 1):
 PSYoungGen      total 74240K, used 13262K [0x00000000e0000000, 0x00000000e5400000, 0x0000000100000000)
  eden space 64512K, 5% used [0x00000000e0000000,0x00000000e0379878,0x00000000e3f00000)
  from space 9728K, 99% used [0x00000000e4a00000,0x00000000e537a378,0x00000000e5380000)
  to   space 10752K, 0% used [0x00000000e3f00000,0x00000000e3f00000,0x00000000e4980000)
 ParOldGen       total 68608K, used 11392K [0x00000000a0000000, 0x00000000a4300000, 0x00000000e0000000)
  object space 68608K, 16% used [0x00000000a0000000,0x00000000a0b20280,0x00000000a4300000)
 Metaspace       used 34695K, capacity 35432K, committed 35496K, reserved 1079296K
  class space    used 4791K, capacity 5005K, committed 5032K, reserved 1048576K
Event: 17.099 GC heap after
Heap after GC invocations=12 (full 1):
 PSYoungGen      total 75264K, used 8658K [0x00000000e0000000, 0x00000000e6980000, 0x0000000100000000)
  eden space 64512K, 0% used [0x00000000e0000000,0x00000000e0000000,0x00000000e3f00000)
  from space 10752K, 80% used [0x00000000e3f00000,0x00000000e4774a80,0x00000000e4980000)
  to   space 11264K, 0% used [0x00000000e5e80000,0x00000000e5e80000,0x00000000e6980000)
 ParOldGen       total 68608K, used 11400K [0x00000000a0000000, 0x00000000a4300000, 0x00000000e0000000)
  object space 68608K, 16% used [0x00000000a0000000,0x00000000a0b22280,0x00000000a4300000)
 Metaspace       used 34695K, capacity 35432K, committed 35496K, reserved 1079296K
  class space    used 4791K, capacity 5005K, committed 5032K, reserved 1048576K
}
Event: 17.099 GC heap before
{Heap before GC invocations=13 (full 2):
 PSYoungGen      total 75264K, used 8658K [0x00000000e0000000, 0x00000000e6980000, 0x0000000100000000)
  eden space 64512K, 0% used [0x00000000e0000000,0x00000000e0000000,0x00000000e3f00000)
  from space 10752K, 80% used [0x00000000e3f00000,0x00000000e4774a80,0x00000000e4980000)
  to   space 11264K, 0% used [0x00000000e5e80000,0x00000000e5e80000,0x00000000e6980000)
 ParOldGen       total 68608K, used 11400K [0x00000000a0000000, 0x00000000a4300000, 0x00000000e0000000)
  object space 68608K, 16% used [0x00000000a0000000,0x00000000a0b22280,0x00000000a4300000)
 Metaspace       used 34695K, capacity 35432K, committed 35496K, reserved 1079296K
  class space    used 4791K, capacity 5005K, committed 5032K, reserved 1048576K
Event: 17.147 GC heap after
Heap after GC invocations=13 (full 2):
 PSYoungGen      total 75264K, used 0K [0x00000000e0000000, 0x00000000e6980000, 0x0000000100000000)
  eden space 64512K, 0% used [0x00000000e0000000,0x00000000e0000000,0x00000000e3f00000)
  from space 10752K, 0% used [0x00000000e3f00000,0x00000000e3f00000,0x00000000e4980000)
  to   space 11264K, 0% used [0x00000000e5e80000,0x00000000e5e80000,0x00000000e6980000)
 ParOldGen       total 95232K, used 15672K [0x00000000a0000000, 0x00000000a5d00000, 0x00000000e0000000)
  object space 95232K, 16% used [0x00000000a0000000,0x00000000a0f4e320,0x00000000a5d00000)
 Metaspace       used 34668K, capacity 35342K, committed 35496K, reserved 1079296K
  class space    used 4783K, capacity 4990K, committed 5032K, reserved 1048576K
}
Event: 24.901 GC heap before
{Heap before GC invocations=14 (full 2):
 PSYoungGen      total 75264K, used 64512K [0x00000000e0000000, 0x00000000e6980000, 0x0000000100000000)
  eden space 64512K, 100% used [0x00000000e0000000,0x00000000e3f00000,0x00000000e3f00000)
  from space 10752K, 0% used [0x00000000e3f00000,0x00000000e3f00000,0x00000000e4980000)
  to   space 11264K, 0% used [0x00000000e5e80000,0x00000000e5e80000,0x00000000e6980000)
 ParOldGen       total 95232K, used 15672K [0x00000000a0000000, 0x00000000a5d00000, 0x00000000e0000000)
  object space 95232K, 16% used [0x00000000a0000000,0x00000000a0f4e320,0x00000000a5d00000)
 Metaspace       used 42426K, capacity 43390K, committed 43688K, reserved 1087488K
  class space    used 5745K, capacity 5993K, committed 6056K, reserved 1048576K
Event: 24.909 GC heap after
Heap after GC invocations=14 (full 2):
 PSYoungGen      total 94720K, used 11257K [0x00000000e0000000, 0x00000000e6c00000, 0x0000000100000000)
  eden space 83456K, 0% used [0x00000000e0000000,0x00000000e0000000,0x00000000e5180000)
  from space 11264K, 99% used [0x00000000e5e80000,0x00000000e697e458,0x00000000e6980000)
  to   space 13312K, 0% used [0x00000000e5180000,0x00000000e5180000,0x00000000e5e80000)
 ParOldGen       total 95232K, used 16993K [0x00000000a0000000, 0x00000000a5d00000, 0x00000000e0000000)
  object space 95232K, 17% used [0x00000000a0000000,0x00000000a1098780,0x00000000a5d00000)
 Metaspace       used 42426K, capacity 43390K, committed 43688K, reserved 1087488K
  class space    used 5745K, capacity 5993K, committed 6056K, reserved 1048576K
}
Event: 27.808 GC heap before
{Heap before GC invocations=15 (full 2):
 PSYoungGen      total 94720K, used 94713K [0x00000000e0000000, 0x00000000e6c00000, 0x0000000100000000)
  eden space 83456K, 100% used [0x00000000e0000000,0x00000000e5180000,0x00000000e5180000)
  from space 11264K, 99% used [0x00000000e5e80000,0x00000000e697e458,0x00000000e6980000)
  to   space 13312K, 0% used [0x00000000e5180000,0x00000000e5180000,0x00000000e5e80000)
 ParOldGen       total 95232K, used 16993K [0x00000000a0000000, 0x00000000a5d00000, 0x00000000e0000000)
  object space 95232K, 17% used [0x00000000a0000000,0x00000000a1098780,0x00000000a5d00000)
 Metaspace       used 48952K, capacity 50218K, committed 50344K, reserved 1093632K
  class space    used 6619K, capacity 6972K, committed 7080K, reserved 1048576K
Event: 27.821 GC heap after
Heap after GC invocations=15 (full 2):
 PSYoungGen      total 96768K, used 13282K [0x00000000e0000000, 0x00000000e8600000, 0x0000000100000000)
  eden space 83456K, 0% used [0x00000000e0000000,0x00000000e0000000,0x00000000e5180000)
  from space 13312K, 99% used [0x00000000e5180000,0x00000000e5e78b28,0x00000000e5e80000)
  to   space 14848K, 0% used [0x00000000e7780000,0x00000000e7780000,0x00000000e8600000)
 ParOldGen       total 95232K, used 17543K [0x00000000a0000000, 0x00000000a5d00000, 0x00000000e0000000)
  object space 95232K, 18% used [0x00000000a0000000,0x00000000a1121e40,0x00000000a5d00000)
 Metaspace       used 48952K, capacity 50218K, committed 50344K, reserved 1093632K
  class space    used 6619K, capacity 6972K, committed 7080K, reserved 1048576K
}
Event: 29.633 GC heap before
{Heap before GC invocations=16 (full 2):
 PSYoungGen      total 96768K, used 96738K [0x00000000e0000000, 0x00000000e8600000, 0x0000000100000000)
  eden space 83456K, 100% used [0x00000000e0000000,0x00000000e5180000,0x00000000e5180000)
  from space 13312K, 99% used [0x00000000e5180000,0x00000000e5e78b28,0x00000000e5e80000)
  to   space 14848K, 0% used [0x00000000e7780000,0x00000000e7780000,0x00000000e8600000)
 ParOldGen       total 95232K, used 17543K [0x00000000a0000000, 0x00000000a5d00000, 0x00000000e0000000)
  object space 95232K, 18% used [0x00000000a0000000,0x00000000a1121e40,0x00000000a5d00000)
 Metaspace       used 55893K, capacity 57428K, committed 57768K, reserved 1099776K
  class space    used 7608K, capacity 8019K, committed 8104K, reserved 1048576K
Event: 29.647 GC heap after
Heap after GC invocations=16 (full 2):
 PSYoungGen      total 98304K, used 14301K [0x00000000e0000000, 0x00000000e8600000, 0x0000000100000000)
  eden space 83456K, 0% used [0x00000000e0000000,0x00000000e0000000,0x00000000e5180000)
  from space 14848K, 96% used [0x00000000e7780000,0x00000000e8577750,0x00000000e8600000)
  to   space 13312K, 0% used [0x00000000e5180000,0x00000000e5180000,0x00000000e5e80000)
 ParOldGen       total 95232K, used 21386K [0x00000000a0000000, 0x00000000a5d00000, 0x00000000e0000000)
  object space 95232K, 22% used [0x00000000a0000000,0x00000000a14e2bf8,0x00000000a5d00000)
 Metaspace       used 55893K, capacity 57428K, committed 57768K, reserved 1099776K
  class space    used 7608K, capacity 8019K, committed 8104K, reserved 1048576K
}

Deoptimization events (10 events):
Event: 29.033 Thread 0x00000000189b3800 Uncommon trap: reason=bimorphic action=maybe_recompile pc=0x0000000003b2d940 method=java.util.regex.Pattern$5.isSatisfiedBy(I)Z @ 16
Event: 29.033 Thread 0x00000000189b3800 Uncommon trap: reason=bimorphic action=maybe_recompile pc=0x0000000003b2d940 method=java.util.regex.Pattern$5.isSatisfiedBy(I)Z @ 16
Event: 29.033 Thread 0x00000000189b3800 Uncommon trap: reason=bimorphic action=maybe_recompile pc=0x0000000003b2d940 method=java.util.regex.Pattern$5.isSatisfiedBy(I)Z @ 16
Event: 29.033 Thread 0x00000000189b3800 Uncommon trap: reason=bimorphic action=maybe_recompile pc=0x0000000003b2d940 method=java.util.regex.Pattern$5.isSatisfiedBy(I)Z @ 16
Event: 29.609 Thread 0x00000000189b3800 Uncommon trap: reason=unstable_if action=reinterpret pc=0x000000000326f1e8 method=sun.misc.MetaIndex.mayContain(Ljava/lang/String;)Z @ 38
Event: 29.609 Thread 0x00000000189b3800 Uncommon trap: reason=class_check action=maybe_recompile pc=0x00000000031aeaa8 method=java.io.DataInputStream.readUnsignedShort()I @ 4
Event: 29.609 Thread 0x00000000189b3800 Uncommon trap: reason=class_check action=maybe_recompile pc=0x00000000031aeaa8 method=java.io.DataInputStream.readUnsignedShort()I @ 4
Event: 29.609 Thread 0x00000000189b3800 Uncommon trap: reason=class_check action=maybe_recompile pc=0x00000000031aeaa8 method=java.io.DataInputStream.readUnsignedShort()I @ 4
Event: 29.609 Thread 0x00000000189b3800 Uncommon trap: reason=class_check action=maybe_recompile pc=0x00000000031aeaa8 method=java.io.DataInputStream.readUnsignedShort()I @ 4
Event: 29.689 Thread 0x00000000189b3800 Uncommon trap: reason=unstable_if action=reinterpret pc=0x000000000319af28 method=java.util.regex.Pattern$BmpCharProperty.match(Ljava/util/regex/Matcher;ILjava/lang/CharSequence;)Z @ 34

Classes redefined (0 events):
No events

Internal exceptions (10 events):
Event: 28.272 Thread 0x00000000189b3800 Exception <a 'java/lang/ClassNotFoundException': com/android/build/gradle/internal/api/BaseVariantOutputImplCustomizer> (0x00000000e2036738) thrown at [D:\src\AOSP-openjdk-cygwin\jdk8u\hotspot\src\share\vm\classfile\systemDictionary.cpp, line 210]
Event: 28.274 Thread 0x00000000189b3800 Exception <a 'java/lang/ClassNotFoundException': com/android/build/gradle/internal/api/ApkVariantOutputImplCustomizer> (0x00000000e206c188) thrown at [D:\src\AOSP-openjdk-cygwin\jdk8u\hotspot\src\share\vm\classfile\systemDictionary.cpp, line 210]
Event: 28.275 Thread 0x00000000189b3800 Exception <a 'java/lang/ClassNotFoundException': com/android/build/gradle/internal/api/ApkVariantOutputImpl_DecoratedCustomizer> (0x00000000e209cce0) thrown at [D:\src\AOSP-openjdk-cygwin\jdk8u\hotspot\src\share\vm\classfile\systemDictionary.cpp, line 210
Event: 28.476 Thread 0x00000000189b3800 Exception <a 'java/lang/NoSuchMethodError': java.lang.Object.lambda$static$0(Ljava/util/Set;Ljava/util/Set;)Z> (0x00000000e2e47300) thrown at [D:\src\AOSP-openjdk-cygwin\jdk8u\hotspot\src\share\vm\interpreter\linkResolver.cpp, line 620]
Event: 28.477 Thread 0x00000000189b3800 Exception <a 'java/lang/NoSuchMethodError': java.lang.Object.lambda$static$1(Ljava/util/Set;Ljava/util/Set;)Z> (0x00000000e2e4a270) thrown at [D:\src\AOSP-openjdk-cygwin\jdk8u\hotspot\src\share\vm\interpreter\linkResolver.cpp, line 620]
Event: 28.477 Thread 0x00000000189b3800 Exception <a 'java/lang/NoSuchMethodError': java.lang.Object.lambda$static$2(Ljava/util/Set;Ljava/util/Set;)Z> (0x00000000e2e4cdb0) thrown at [D:\src\AOSP-openjdk-cygwin\jdk8u\hotspot\src\share\vm\interpreter\linkResolver.cpp, line 620]
Event: 28.477 Thread 0x00000000189b3800 Exception <a 'java/lang/NoSuchMethodError': java.lang.Object.lambda$static$3(Ljava/util/Set;Ljava/util/Set;)Z> (0x00000000e2e4f8f0) thrown at [D:\src\AOSP-openjdk-cygwin\jdk8u\hotspot\src\share\vm\interpreter\linkResolver.cpp, line 620]
Event: 28.477 Thread 0x00000000189b3800 Exception <a 'java/lang/NoSuchMethodError': java.lang.Object.lambda$static$4(Ljava/util/Set;Ljava/util/Set;)Z> (0x00000000e2e52430) thrown at [D:\src\AOSP-openjdk-cygwin\jdk8u\hotspot\src\share\vm\interpreter\linkResolver.cpp, line 620]
Event: 29.068 Thread 0x00000000189b3800 Exception <a 'java/lang/ClassNotFoundException': com/sun/org/glassfish/hk2/osgiresourcelocator/ServiceLoader> (0x00000000e3b00880) thrown at [D:\src\AOSP-openjdk-cygwin\jdk8u\hotspot\src\share\vm\classfile\systemDictionary.cpp, line 210]
Event: 29.312 Thread 0x00000000189b3800 Exception <a 'java/lang/NullPointerException'> (0x00000000e3fcc070) thrown at [D:\src\AOSP-openjdk-cygwin\jdk8u\hotspot\src\share\vm\interpreter\linkResolver.cpp, line 1287]

Events (10 events):
Event: 29.692 loading class com/sun/org/apache/xerces/internal/util/EntityResolverWrapper
Event: 29.692 loading class com/sun/org/apache/xerces/internal/util/EntityResolverWrapper done
Event: 29.692 loading class com/sun/org/apache/xerces/internal/impl/ExternalSubsetResolver
Event: 29.692 loading class com/sun/org/apache/xerces/internal/impl/ExternalSubsetResolver done
Event: 29.692 loading class com/sun/org/apache/xerces/internal/util/ErrorHandlerWrapper
Event: 29.692 loading class com/sun/org/apache/xerces/internal/xni/parser/XMLErrorHandler
Event: 29.692 loading class com/sun/org/apache/xerces/internal/xni/parser/XMLErrorHandler done
Event: 29.692 loading class com/sun/org/apache/xerces/internal/util/ErrorHandlerWrapper done
Event: 29.692 loading class com/sun/org/apache/xerces/internal/impl/XMLEntityManager$RewindableInputStream
Event: 29.692 loading class com/sun/org/apache/xerces/internal/impl/XMLEntityManager$RewindableInputStream done


Dynamic libraries:
0x00007ff7da0f0000 - 0x00007ff7da121000 	C:\Program Files\Android\Android Studio\jre\bin\java.exe
0x00007ffe80f60000 - 0x00007ffe81150000 	C:\WINDOWS\SYSTEM32\ntdll.dll
0x00007ffe7f020000 - 0x00007ffe7f0d2000 	C:\WINDOWS\System32\KERNEL32.DLL
0x00007ffe7e760000 - 0x00007ffe7ea03000 	C:\WINDOWS\System32\KERNELBASE.dll
0x00007ffe80c10000 - 0x00007ffe80cb3000 	C:\WINDOWS\System32\ADVAPI32.dll
0x00007ffe806d0000 - 0x00007ffe8076e000 	C:\WINDOWS\System32\msvcrt.dll
0x00007ffe80e80000 - 0x00007ffe80f17000 	C:\WINDOWS\System32\sechost.dll
0x00007ffe805b0000 - 0x00007ffe806d0000 	C:\WINDOWS\System32\RPCRT4.dll
0x00007ffe7f190000 - 0x00007ffe7f324000 	C:\WINDOWS\System32\USER32.dll
0x00007ffe7ec10000 - 0x00007ffe7ec31000 	C:\WINDOWS\System32\win32u.dll
0x00007ffe7f330000 - 0x00007ffe7f356000 	C:\WINDOWS\System32\GDI32.dll
0x00007ffe7ed50000 - 0x00007ffe7eee4000 	C:\WINDOWS\System32\gdi32full.dll
0x00007ffe7def0000 - 0x00007ffe7df8e000 	C:\WINDOWS\System32\msvcp_win.dll
0x00007ffe7ef10000 - 0x00007ffe7f00a000 	C:\WINDOWS\System32\ucrtbase.dll
0x00007ffe61060000 - 0x00007ffe612e5000 	C:\WINDOWS\WinSxS\amd64_microsoft.windows.common-controls_6595b64144ccf1df_6.0.18362.535_none_e6c3b34713100821\COMCTL32.dll
0x00007ffe801f0000 - 0x00007ffe80526000 	C:\WINDOWS\System32\combase.dll
0x00007ffe7ea40000 - 0x00007ffe7eac0000 	C:\WINDOWS\System32\bcryptPrimitives.dll
0x00007ffe7f430000 - 0x00007ffe7f45e000 	C:\WINDOWS\System32\IMM32.DLL
0x00000000738e0000 - 0x00000000739b2000 	C:\Program Files\Android\Android Studio\jre\jre\bin\msvcr100.dll
0x0000000072e00000 - 0x0000000073646000 	C:\Program Files\Android\Android Studio\jre\jre\bin\server\jvm.dll
0x00007ffe7f9a0000 - 0x00007ffe7f9a8000 	C:\WINDOWS\System32\PSAPI.DLL
0x00007ffe76060000 - 0x00007ffe7606a000 	C:\WINDOWS\SYSTEM32\VERSION.dll
0x00007ffe79f40000 - 0x00007ffe79f64000 	C:\WINDOWS\SYSTEM32\WINMM.dll
0x00007ffe7acd0000 - 0x00007ffe7acd9000 	C:\WINDOWS\SYSTEM32\WSOCK32.dll
0x00007ffe7f9b0000 - 0x00007ffe7fa1f000 	C:\WINDOWS\System32\WS2_32.dll
0x00007ffe78ed0000 - 0x00007ffe78efd000 	C:\WINDOWS\SYSTEM32\winmmbase.dll
0x00007ffe7e710000 - 0x00007ffe7e75a000 	C:\WINDOWS\System32\cfgmgr32.dll
0x00007ffe7ac90000 - 0x00007ffe7ac9f000 	C:\Program Files\Android\Android Studio\jre\jre\bin\verify.dll
0x00007ffe71c00000 - 0x00007ffe71c29000 	C:\Program Files\Android\Android Studio\jre\jre\bin\java.dll
0x00007ffe71bb0000 - 0x00007ffe71bc6000 	C:\Program Files\Android\Android Studio\jre\jre\bin\zip.dll
0x00007ffe7faf0000 - 0x00007ffe801d5000 	C:\WINDOWS\System32\SHELL32.dll
0x00007ffe7f0e0000 - 0x00007ffe7f189000 	C:\WINDOWS\System32\shcore.dll
0x00007ffe7df90000 - 0x00007ffe7e70f000 	C:\WINDOWS\System32\windows.storage.dll
0x00007ffe7ded0000 - 0x00007ffe7deef000 	C:\WINDOWS\System32\profapi.dll
0x00007ffe7de60000 - 0x00007ffe7deaa000 	C:\WINDOWS\System32\powrprof.dll
0x00007ffe7de30000 - 0x00007ffe7de40000 	C:\WINDOWS\System32\UMPDC.dll
0x00007ffe7f360000 - 0x00007ffe7f3b2000 	C:\WINDOWS\System32\shlwapi.dll
0x00007ffe7deb0000 - 0x00007ffe7dec1000 	C:\WINDOWS\System32\kernel.appcore.dll
0x00007ffe7eef0000 - 0x00007ffe7ef07000 	C:\WINDOWS\System32\cryptsp.dll
0x00007ffe6fd00000 - 0x00007ffe6fd1a000 	C:\Program Files\Android\Android Studio\jre\jre\bin\net.dll
0x00007ffe7d6a0000 - 0x00007ffe7d707000 	C:\WINDOWS\system32\mswsock.dll
0x00007ffe6fce0000 - 0x00007ffe6fcf1000 	C:\Program Files\Android\Android Studio\jre\jre\bin\nio.dll
0x00007ffe6ad60000 - 0x00007ffe6ad86000 	C:\Users\Asus\.gradle\native\29\windows-amd64\native-platform.dll
0x00007ffe77de0000 - 0x00007ffe77ded000 	C:\Program Files\Android\Android Studio\jre\jre\bin\management.dll
0x00007ffe7d210000 - 0x00007ffe7d243000 	C:\WINDOWS\system32\rsaenh.dll
0x00007ffe7ea10000 - 0x00007ffe7ea36000 	C:\WINDOWS\System32\bcrypt.dll
0x00007ffe7dd50000 - 0x00007ffe7dd75000 	C:\WINDOWS\SYSTEM32\USERENV.dll
0x00007ffe7d870000 - 0x00007ffe7d87c000 	C:\WINDOWS\SYSTEM32\CRYPTBASE.dll
0x00007ffe7d3b0000 - 0x00007ffe7d3ea000 	C:\WINDOWS\SYSTEM32\IPHLPAPI.DLL
0x00007ffe7f010000 - 0x00007ffe7f018000 	C:\WINDOWS\System32\NSI.dll
0x00007ffe773d0000 - 0x00007ffe773e6000 	C:\WINDOWS\SYSTEM32\dhcpcsvc6.DLL
0x00007ffe77770000 - 0x00007ffe7778c000 	C:\WINDOWS\SYSTEM32\dhcpcsvc.DLL
0x00007ffe7d3f0000 - 0x00007ffe7d4ba000 	C:\WINDOWS\SYSTEM32\DNSAPI.dll

VM Arguments:
jvm_args: -Xmx1536m -Dfile.encoding=windows-1252 -Duser.country=US -Duser.language=en -Duser.variant 
java_command: org.gradle.launcher.daemon.bootstrap.GradleDaemon 5.4.1
java_class_path (initial): C:\Users\Asus\.gradle\wrapper\dists\gradle-5.4.1-all\3221gyojl5jsh0helicew7rwx\gradle-5.4.1\lib\gradle-launcher-5.4.1.jar
Launcher Type: SUN_STANDARD

Environment Variables:
PATH=C:\Program Files (x86)\Intel\Intel(R) Management Engine Components\iCLS\;C:\Program Files\Intel\Intel(R) Management Engine Components\iCLS\;C:\Windows\system32;C:\Windows;C:\Windows\System32\Wbem;C:\Windows\System32\WindowsPowerShell\v1.0\;C:\Windows\System32\OpenSSH\;C:\Program Files (x86)\Intel\Intel(R) Management Engine Components\DAL;C:\Program Files\Intel\Intel(R) Management Engine Components\DAL;C:\Program Files (x86)\Intel\Intel(R) Management Engine Components\IPT;C:\Program Files\Intel\Intel(R) Management Engine Components\IPT;C:\Program Files\Java\jdk-12.0.1\bin;C:\Program Files\NVIDIA Corporation\NVIDIA NvDLISR;C:\Program Files (x86)\NVIDIA Corporation\PhysX\Common;C:\Program Files\nodejs\;C:\xampp\php;C:\Program Files\MATLAB\R2017b\runtime\win64;C:\Program Files\MATLAB\R2017b\bin;%SystemRoot%\system32;%SystemRoot%;%SystemRoot%\System32\Wbem;%SYSTEMROOT%\System32\WindowsPowerShell\v1.0\;%SYSTEMROOT%\System32\OpenSSH\;C:\Users\Asus\AppData\Local\Programs\Python\Python37-32\Scripts\;C:\Users\Asus\AppData\Local\Programs\Python\Python37-32\;C:\Users\Asus\AppData\Local\Microsoft\WindowsApps;C:\Users\Asus\AppData\Local\Programs\Microsoft VS Code\bin;C:\Users\Asus\AppData\Roaming\npm;C:\Users\Asus\AppData\Local\GitHubDesktop\bin
USERNAME=Asus
OS=Windows_NT
PROCESSOR_IDENTIFIER=Intel64 Family 6 Model 142 Stepping 10, GenuineIntel



---------------  S Y S T E M  ---------------

OS: Windows 10.0 , 64 bit Build 18362 (10.0.18362.329)

CPU:total 8 (initial active 8) (4 cores per cpu, 2 threads per core) family 6 model 142 stepping 10, cmov, cx8, fxsr, mmx, sse, sse2, sse3, ssse3, sse4.1, sse4.2, popcnt, avx, avx2, aes, clmul, erms, 3dnowpref, lzcnt, ht, tsc, tscinvbit, bmi1, bmi2, adx

Memory: 4k page, physical 8267560k(400496k free), swap 12461864k(5288k free)

vm_info: OpenJDK 64-Bit Server VM (25.202-b03) for windows-amd64 JRE (1.8.0_202-release-1483-b03), built by "builder" with MS VC++ 10.0 (VS2010)

time: Mon Dec 23 19:43:54 2019
timezone: SE Asia Standard Time
elapsed time: 29 seconds (0d 0h 0m 29s)

