#
# There is insufficient memory for the Java Runtime Environment to continue.
# Native memory allocation (malloc) failed to allocate 1356656 bytes for Chunk::new
# Possible reasons:
#   The system is out of physical RAM or swap space
#   The process is running with CompressedOops enabled, and the Java Heap may be blocking the growth of the native heap
# Possible solutions:
#   Reduce memory load on the system
#   Increase physical memory or swap space
#   Check if swap backing store is full
#   Decrease Java heap size (-Xmx/-Xms)
#   Decrease number of Java threads
#   Decrease Java thread stack sizes (-Xss)
#   Set larger code cache with -XX:ReservedCodeCacheSize=
#   JVM is running with Unscaled Compressed Oops mode in which the Java heap is
#     placed in the first 4GB address space. The Java Heap base address is the
#     maximum limit for the native heap growth. Please use -XX:HeapBaseMinAddress
#     to set the Java Heap base and to place the Java Heap above 4GB virtual address.
# This output file may be truncated or incomplete.
#
#  Out of Memory Error (allocation.cpp:389), pid=2364, tid=0x00000000000052d4
#
# JRE version: OpenJDK Runtime Environment (8.0_202-b03) (build 1.8.0_202-release-1483-b03)
# Java VM: OpenJDK 64-Bit Server VM (25.202-b03 mixed mode windows-amd64 compressed oops)
# Failed to write core dump. Minidumps are not enabled by default on client versions of Windows
#

---------------  T H R E A D  ---------------

Current thread (0x00000000183e7000):  JavaThread "C2 CompilerThread1" daemon [_thread_in_native, id=21204, stack(0x0000000018db0000,0x0000000018eb0000)]

Stack: [0x0000000018db0000,0x0000000018eb0000]
[error occurred during error reporting (printing stack bounds), id 0xc0000005]

Native frames: (J=compiled Java code, j=interpreted, Vv=VM code, C=native code)


Current CompileTask:
C2: 120466 4962   !   4       java.net.URLClassLoader$1::run (63 bytes)


---------------  P R O C E S S  ---------------

Java Threads: ( => current thread )
  0x000000001c58d000 JavaThread "Cache worker for file content cache (C:\Users\Asus\AndroidStudioProjects\Ticketer\.gradle\5.4.1\fileContent)" [_thread_blocked, id=17532, stack(0x0000000022f80000,0x0000000023080000)]
  0x000000001d708800 JavaThread "Cache worker for file content cache (C:\Users\Asus\.gradle\caches\5.4.1\fileContent)" [_thread_blocked, id=9876, stack(0x0000000022e80000,0x0000000022f80000)]
  0x000000001d707000 JavaThread "Memory manager" [_thread_blocked, id=22380, stack(0x0000000022d80000,0x0000000022e80000)]
  0x000000001d709000 JavaThread "Cache worker for Build Output Cleanup Cache (C:\Users\Asus\AndroidStudioProjects\Ticketer\.gradle\buildOutputCleanup)" [_thread_blocked, id=992, stack(0x000000001bc00000,0x000000001bd00000)]
  0x000000001d705000 JavaThread "Build operations Thread 8" [_thread_blocked, id=11676, stack(0x0000000021c80000,0x0000000021d80000)]
  0x000000001d70b800 JavaThread "Build operations Thread 7" [_thread_blocked, id=9828, stack(0x0000000021b80000,0x0000000021c80000)]
  0x000000001d70c000 JavaThread "Build operations Thread 6" [_thread_blocked, id=26604, stack(0x0000000021a80000,0x0000000021b80000)]
  0x000000001d707800 JavaThread "Build operations Thread 5" [_thread_blocked, id=24868, stack(0x0000000021980000,0x0000000021a80000)]
  0x000000001d6fe800 JavaThread "Build operations Thread 4" [_thread_blocked, id=13172, stack(0x0000000021880000,0x0000000021980000)]
  0x000000001d704800 JavaThread "Build operations Thread 3" [_thread_blocked, id=21768, stack(0x0000000021780000,0x0000000021880000)]
  0x000000001d6ff000 JavaThread "Build operations Thread 2" [_thread_blocked, id=14480, stack(0x0000000021680000,0x0000000021780000)]
  0x000000001d6fd000 JavaThread "Build operations" [_thread_blocked, id=9612, stack(0x0000000020570000,0x0000000020670000)]
  0x000000001d6fd800 JavaThread "Cache worker for execution history cache (C:\Users\Asus\.gradle\caches\5.4.1\executionHistory)" [_thread_blocked, id=3568, stack(0x0000000020270000,0x0000000020370000)]
  0x000000001d700800 JavaThread "Cache worker for cache directory md-rule (C:\Users\Asus\.gradle\caches\5.4.1\md-rule)" [_thread_blocked, id=11920, stack(0x0000000020170000,0x0000000020270000)]
  0x000000001d703800 JavaThread "Cache worker for cache directory md-supplier (C:\Users\Asus\.gradle\caches\5.4.1\md-supplier)" [_thread_blocked, id=8088, stack(0x0000000000b50000,0x0000000000c50000)]
  0x00000000183ea000 JavaThread "Cache worker for file hash cache (C:\Users\Asus\AndroidStudioProjects\Ticketer\.gradle\5.4.1\fileHashes)" [_thread_blocked, id=7056, stack(0x000000001e4a0000,0x000000001e5a0000)]
  0x00000000183e8000 JavaThread "Cache worker for journal cache (C:\Users\Asus\.gradle\caches\journal-1)" [_thread_blocked, id=20824, stack(0x000000001c000000,0x000000001c100000)]
  0x00000000183e8800 JavaThread "File lock request listener" [_thread_in_native, id=3048, stack(0x000000001bf00000,0x000000001c000000)]
  0x00000000183eb000 JavaThread "Cache worker for file hash cache (C:\Users\Asus\.gradle\caches\5.4.1\fileHashes)" [_thread_blocked, id=4196, stack(0x000000001be00000,0x000000001bf00000)]
  0x000000001a14c800 JavaThread "Thread-9" [_thread_blocked, id=22504, stack(0x000000001bd00000,0x000000001be00000)]
  0x000000001a1b2000 JavaThread "Asynchronous log dispatcher for DefaultDaemonConnection: socket connection from /127.0.0.1:64434 to /127.0.0.1:64435" [_thread_blocked, id=12928, stack(0x000000001ba00000,0x000000001bb00000)]
  0x000000001a277800 JavaThread "Daemon worker" [_thread_in_native, id=5384, stack(0x000000001b900000,0x000000001ba00000)]
  0x000000001a1e4800 JavaThread "Cancel handler" [_thread_blocked, id=9496, stack(0x000000001b800000,0x000000001b900000)]
  0x000000001a25c000 JavaThread "Handler for socket connection from /127.0.0.1:64434 to /127.0.0.1:64435" [_thread_in_native, id=27008, stack(0x000000001b500000,0x000000001b600000)]
  0x000000001a250800 JavaThread "Daemon" [_thread_blocked, id=13164, stack(0x000000001b400000,0x000000001b500000)]
  0x0000000019366000 JavaThread "Daemon periodic checks" [_thread_blocked, id=3024, stack(0x000000001b300000,0x000000001b400000)]
  0x0000000018657800 JavaThread "Incoming local TCP Connector on port 64434" [_thread_in_native, id=7656, stack(0x000000001b0c0000,0x000000001b1c0000)]
  0x0000000019aaa000 JavaThread "Daemon health stats" [_thread_blocked, id=16356, stack(0x000000001aa80000,0x000000001ab80000)]
  0x0000000018476000 JavaThread "Service Thread" daemon [_thread_blocked, id=22852, stack(0x00000000190b0000,0x00000000191b0000)]
  0x00000000183ed800 JavaThread "C1 CompilerThread3" daemon [_thread_blocked, id=26968, stack(0x0000000018fb0000,0x00000000190b0000)]
  0x00000000183ec800 JavaThread "C2 CompilerThread2" daemon [_thread_in_native, id=12572, stack(0x0000000018eb0000,0x0000000018fb0000)]
=>0x00000000183e7000 JavaThread "C2 CompilerThread1" daemon [_thread_in_native, id=21204, stack(0x0000000018db0000,0x0000000018eb0000)]
  0x00000000183da800 JavaThread "C2 CompilerThread0" daemon [_thread_blocked, id=10132, stack(0x0000000018cb0000,0x0000000018db0000)]
  0x00000000183d9000 JavaThread "Attach Listener" daemon [_thread_blocked, id=1928, stack(0x0000000018bb0000,0x0000000018cb0000)]
  0x00000000183d7800 JavaThread "Signal Dispatcher" daemon [_thread_blocked, id=17708, stack(0x0000000018ab0000,0x0000000018bb0000)]
  0x00000000027fe000 JavaThread "Finalizer" daemon [_thread_blocked, id=17784, stack(0x00000000188b0000,0x00000000189b0000)]
  0x00000000027f5000 JavaThread "Reference Handler" daemon [_thread_blocked, id=8240, stack(0x00000000187b0000,0x00000000188b0000)]
  0x00000000026fe000 JavaThread "main" [_thread_blocked, id=26200, stack(0x00000000025a0000,0x00000000026a0000)]

Other Threads:
  0x00000000165b8000 VMThread [stack: 0x00000000182b0000,0x00000000183b0000] [id=15364]
  0x0000000018477000 WatcherThread [stack: 0x00000000191b0000,0x00000000192b0000] [id=12860]

VM state:not at safepoint (normal execution)

VM Mutex/Monitor currently owned by a thread: None

heap address: 0x00000000a0000000, size: 1536 MB, Compressed Oops mode: 32-bit
Narrow klass base: 0x0000000000000000, Narrow klass shift: 3
Compressed class space size: 1073741824 Address: 0x0000000100000000

Heap:
 PSYoungGen      total 48640K, used 20927K [0x00000000e0000000, 0x00000000e4300000, 0x0000000100000000)
  eden space 34304K, 19% used [0x00000000e0000000,0x00000000e0675428,0x00000000e2180000)
  from space 14336K, 99% used [0x00000000e3180000,0x00000000e3f7a8a0,0x00000000e3f80000)
  to   space 16384K, 0% used [0x00000000e2180000,0x00000000e2180000,0x00000000e3180000)
 ParOldGen       total 78848K, used 17905K [0x00000000a0000000, 0x00000000a4d00000, 0x00000000e0000000)
  object space 78848K, 22% used [0x00000000a0000000,0x00000000a117c5d0,0x00000000a4d00000)
 Metaspace       used 56359K, capacity 57866K, committed 58024K, reserved 1099776K
  class space    used 7687K, capacity 8090K, committed 8104K, reserved 1048576K

Card table byte_map: [0x0000000011bc0000,0x0000000011ed0000] byte_map_base: 0x00000000116c0000

Marking Bits: (ParMarkBitMap*) 0x00000000735c9f30
 Begin Bits: [0x00000000128d0000, 0x00000000140d0000)
 End Bits:   [0x00000000140d0000, 0x00000000158d0000)

Polling page: 0x0000000000d20000

CodeCache: size=245760Kb used=15351Kb max_used=15351Kb free=230408Kb
 bounds [0x0000000002800000, 0x0000000003710000, 0x0000000011800000]
 total_blobs=5316 nmethods=4533 adapters=696
 compilation: enabled

Compilation events (10 events):
Event: 120.346 Thread 0x00000000183ed800 5006       1       org.gradle.api.internal.artifacts.configurations.LeafOutgoingVariant::getArtifacts (5 bytes)
Event: 120.346 Thread 0x00000000183ed800 nmethod 5006 0x0000000003708b50 code [0x0000000003708ca0, 0x0000000003708db0]
Event: 120.346 Thread 0x00000000183ed800 5008       1       org.gradle.api.internal.artifacts.configurations.DefaultConfiguration::getAttributes (5 bytes)
Event: 120.346 Thread 0x00000000183ed800 nmethod 5008 0x0000000003708e10 code [0x0000000003708f60, 0x0000000003709070]
Event: 120.346 Thread 0x00000000183ed800 5009       1       org.gradle.api.internal.artifacts.configurations.DefaultConfigurationPublications::access$000 (5 bytes)
Event: 120.346 Thread 0x00000000183ed800 nmethod 5009 0x00000000037090d0 code [0x0000000003709220, 0x0000000003709310]
Event: 120.347 Thread 0x00000000183ed800 5010       1       org.gradle.internal.component.local.model.DefaultLocalComponentMetadata$DefaultLocalConfigurationMetadata::getName (5 bytes)
Event: 120.347 Thread 0x00000000183ed800 nmethod 5010 0x0000000003709390 code [0x00000000037094e0, 0x00000000037095f0]
Event: 120.347 Thread 0x00000000183ed800 5011       1       org.gradle.api.internal.artifacts.ivyservice.ivyresolve.strategy.AbstractVersionSelector::getSelector (5 bytes)
Event: 120.347 Thread 0x00000000183ed800 nmethod 5011 0x0000000003709650 code [0x00000000037097a0, 0x00000000037098b0]

GC Heap History (10 events):
Event: 108.751 GC heap before
{Heap before GC invocations=16 (full 2):
 PSYoungGen      total 46080K, used 45578K [0x00000000e0000000, 0x00000000e3b80000, 0x0000000100000000)
  eden space 39424K, 100% used [0x00000000e0000000,0x00000000e2680000,0x00000000e2680000)
  from space 6656K, 92% used [0x00000000e2700000,0x00000000e2d02828,0x00000000e2d80000)
  to   space 10752K, 0% used [0x00000000e3100000,0x00000000e3100000,0x00000000e3b80000)
 ParOldGen       total 78848K, used 15475K [0x00000000a0000000, 0x00000000a4d00000, 0x00000000e0000000)
  object space 78848K, 19% used [0x00000000a0000000,0x00000000a0f1ce90,0x00000000a4d00000)
 Metaspace       used 43507K, capacity 44392K, committed 44584K, reserved 1087488K
  class space    used 5904K, capacity 6136K, committed 6184K, reserved 1048576K
Event: 108.755 GC heap after
Heap after GC invocations=16 (full 2):
 PSYoungGen      total 48128K, used 6348K [0x00000000e0000000, 0x00000000e3a00000, 0x0000000100000000)
  eden space 38912K, 0% used [0x00000000e0000000,0x00000000e0000000,0x00000000e2600000)
  from space 9216K, 68% used [0x00000000e3100000,0x00000000e37332a0,0x00000000e3a00000)
  to   space 10240K, 0% used [0x00000000e2600000,0x00000000e2600000,0x00000000e3000000)
 ParOldGen       total 78848K, used 15483K [0x00000000a0000000, 0x00000000a4d00000, 0x00000000e0000000)
  object space 78848K, 19% used [0x00000000a0000000,0x00000000a0f1ee90,0x00000000a4d00000)
 Metaspace       used 43507K, capacity 44392K, committed 44584K, reserved 1087488K
  class space    used 5904K, capacity 6136K, committed 6184K, reserved 1048576K
}
Event: 110.471 GC heap before
{Heap before GC invocations=17 (full 2):
 PSYoungGen      total 48128K, used 45260K [0x00000000e0000000, 0x00000000e3a00000, 0x0000000100000000)
  eden space 38912K, 100% used [0x00000000e0000000,0x00000000e2600000,0x00000000e2600000)
  from space 9216K, 68% used [0x00000000e3100000,0x00000000e37332a0,0x00000000e3a00000)
  to   space 10240K, 0% used [0x00000000e2600000,0x00000000e2600000,0x00000000e3000000)
 ParOldGen       total 78848K, used 15483K [0x00000000a0000000, 0x00000000a4d00000, 0x00000000e0000000)
  object space 78848K, 19% used [0x00000000a0000000,0x00000000a0f1ee90,0x00000000a4d00000)
 Metaspace       used 45561K, capacity 46604K, committed 47016K, reserved 1089536K
  class space    used 6160K, capacity 6459K, committed 6568K, reserved 1048576K
Event: 110.488 GC heap after
Heap after GC invocations=17 (full 2):
 PSYoungGen      total 48640K, used 9957K [0x00000000e0000000, 0x00000000e3b80000, 0x0000000100000000)
  eden space 38400K, 0% used [0x00000000e0000000,0x00000000e0000000,0x00000000e2580000)
  from space 10240K, 97% used [0x00000000e2600000,0x00000000e2fb9758,0x00000000e3000000)
  to   space 11264K, 0% used [0x00000000e3080000,0x00000000e3080000,0x00000000e3b80000)
 ParOldGen       total 78848K, used 15491K [0x00000000a0000000, 0x00000000a4d00000, 0x00000000e0000000)
  object space 78848K, 19% used [0x00000000a0000000,0x00000000a0f20e90,0x00000000a4d00000)
 Metaspace       used 45561K, capacity 46604K, committed 47016K, reserved 1089536K
  class space    used 6160K, capacity 6459K, committed 6568K, reserved 1048576K
}
Event: 113.182 GC heap before
{Heap before GC invocations=18 (full 2):
 PSYoungGen      total 48640K, used 48357K [0x00000000e0000000, 0x00000000e3b80000, 0x0000000100000000)
  eden space 38400K, 100% used [0x00000000e0000000,0x00000000e2580000,0x00000000e2580000)
  from space 10240K, 97% used [0x00000000e2600000,0x00000000e2fb9758,0x00000000e3000000)
  to   space 11264K, 0% used [0x00000000e3080000,0x00000000e3080000,0x00000000e3b80000)
 ParOldGen       total 78848K, used 15491K [0x00000000a0000000, 0x00000000a4d00000, 0x00000000e0000000)
  object space 78848K, 19% used [0x00000000a0000000,0x00000000a0f20e90,0x00000000a4d00000)
 Metaspace       used 49621K, capacity 50856K, committed 51112K, reserved 1093632K
  class space    used 6706K, capacity 7017K, committed 7080K, reserved 1048576K
Event: 113.189 GC heap after
Heap after GC invocations=18 (full 2):
 PSYoungGen      total 48128K, used 11241K [0x00000000e0000000, 0x00000000e3e00000, 0x0000000100000000)
  eden space 36864K, 0% used [0x00000000e0000000,0x00000000e0000000,0x00000000e2400000)
  from space 11264K, 99% used [0x00000000e3080000,0x00000000e3b7a780,0x00000000e3b80000)
  to   space 12800K, 0% used [0x00000000e2400000,0x00000000e2400000,0x00000000e3080000)
 ParOldGen       total 78848K, used 16740K [0x00000000a0000000, 0x00000000a4d00000, 0x00000000e0000000)
  object space 78848K, 21% used [0x00000000a0000000,0x00000000a1059278,0x00000000a4d00000)
 Metaspace       used 49621K, capacity 50856K, committed 51112K, reserved 1093632K
  class space    used 6706K, capacity 7017K, committed 7080K, reserved 1048576K
}
Event: 115.638 GC heap before
{Heap before GC invocations=19 (full 2):
 PSYoungGen      total 48128K, used 48105K [0x00000000e0000000, 0x00000000e3e00000, 0x0000000100000000)
  eden space 36864K, 100% used [0x00000000e0000000,0x00000000e2400000,0x00000000e2400000)
  from space 11264K, 99% used [0x00000000e3080000,0x00000000e3b7a780,0x00000000e3b80000)
  to   space 12800K, 0% used [0x00000000e2400000,0x00000000e2400000,0x00000000e3080000)
 ParOldGen       total 78848K, used 16740K [0x00000000a0000000, 0x00000000a4d00000, 0x00000000e0000000)
  object space 78848K, 21% used [0x00000000a0000000,0x00000000a1059278,0x00000000a4d00000)
 Metaspace       used 52470K, capacity 53916K, committed 54184K, reserved 1095680K
  class space    used 7124K, capacity 7517K, committed 7592K, reserved 1048576K
Event: 115.645 GC heap after
Heap after GC invocations=19 (full 2):
 PSYoungGen      total 49152K, used 12771K [0x00000000e0000000, 0x00000000e3f80000, 0x0000000100000000)
  eden space 36352K, 0% used [0x00000000e0000000,0x00000000e0000000,0x00000000e2380000)
  from space 12800K, 99% used [0x00000000e2400000,0x00000000e3078de0,0x00000000e3080000)
  to   space 14336K, 0% used [0x00000000e3180000,0x00000000e3180000,0x00000000e3f80000)
 ParOldGen       total 78848K, used 17522K [0x00000000a0000000, 0x00000000a4d00000, 0x00000000e0000000)
  object space 78848K, 22% used [0x00000000a0000000,0x00000000a111ca00,0x00000000a4d00000)
 Metaspace       used 52470K, capacity 53916K, committed 54184K, reserved 1095680K
  class space    used 7124K, capacity 7517K, committed 7592K, reserved 1048576K
}
Event: 119.151 GC heap before
{Heap before GC invocations=20 (full 2):
 PSYoungGen      total 49152K, used 49123K [0x00000000e0000000, 0x00000000e3f80000, 0x0000000100000000)
  eden space 36352K, 100% used [0x00000000e0000000,0x00000000e2380000,0x00000000e2380000)
  from space 12800K, 99% used [0x00000000e2400000,0x00000000e3078de0,0x00000000e3080000)
  to   space 14336K, 0% used [0x00000000e3180000,0x00000000e3180000,0x00000000e3f80000)
 ParOldGen       total 78848K, used 17522K [0x00000000a0000000, 0x00000000a4d00000, 0x00000000e0000000)
  object space 78848K, 22% used [0x00000000a0000000,0x00000000a111ca00,0x00000000a4d00000)
 Metaspace       used 55866K, capacity 57410K, committed 57768K, reserved 1099776K
  class space    used 7627K, capacity 8024K, committed 8104K, reserved 1048576K
Event: 119.160 GC heap after
Heap after GC invocations=20 (full 2):
 PSYoungGen      total 48640K, used 14314K [0x00000000e0000000, 0x00000000e4300000, 0x0000000100000000)
  eden space 34304K, 0% used [0x00000000e0000000,0x00000000e0000000,0x00000000e2180000)
  from space 14336K, 99% used [0x00000000e3180000,0x00000000e3f7a8a0,0x00000000e3f80000)
  to   space 16384K, 0% used [0x00000000e2180000,0x00000000e2180000,0x00000000e3180000)
 ParOldGen       total 78848K, used 17905K [0x00000000a0000000, 0x00000000a4d00000, 0x00000000e0000000)
  object space 78848K, 22% used [0x00000000a0000000,0x00000000a117c5d0,0x00000000a4d00000)
 Metaspace       used 55866K, capacity 57410K, committed 57768K, reserved 1099776K
  class space    used 7627K, capacity 8024K, committed 8104K, reserved 1048576K
}

Deoptimization events (10 events):
Event: 117.523 Thread 0x000000001a277800 Uncommon trap: reason=bimorphic action=maybe_recompile pc=0x000000000359b380 method=java.util.regex.Pattern$5.isSatisfiedBy(I)Z @ 16
Event: 119.013 Thread 0x000000001a277800 Uncommon trap: reason=unstable_if action=reinterpret pc=0x0000000002da6c28 method=sun.misc.MetaIndex.mayContain(Ljava/lang/String;)Z @ 38
Event: 119.090 Thread 0x000000001a277800 Uncommon trap: reason=class_check action=maybe_recompile pc=0x0000000002d09ed8 method=java.io.DataInputStream.readUnsignedShort()I @ 4
Event: 119.090 Thread 0x000000001a277800 Uncommon trap: reason=class_check action=maybe_recompile pc=0x0000000002d09ed8 method=java.io.DataInputStream.readUnsignedShort()I @ 4
Event: 119.090 Thread 0x000000001a277800 Uncommon trap: reason=class_check action=maybe_recompile pc=0x0000000002d09ed8 method=java.io.DataInputStream.readUnsignedShort()I @ 4
Event: 119.090 Thread 0x000000001a277800 Uncommon trap: reason=class_check action=maybe_recompile pc=0x0000000002d09ed8 method=java.io.DataInputStream.readUnsignedShort()I @ 4
Event: 119.344 Thread 0x000000001a277800 Uncommon trap: reason=unstable_if action=reinterpret pc=0x0000000002ced0e8 method=java.util.regex.Pattern$BmpCharProperty.match(Ljava/util/regex/Matcher;ILjava/lang/CharSequence;)Z @ 34
Event: 119.609 Thread 0x000000001a277800 Uncommon trap: reason=unstable_if action=reinterpret pc=0x0000000003625630 method=com.sun.org.apache.xerces.internal.impl.XMLEntityScanner.scanLiteral(ILcom/sun/org/apache/xerces/internal/xni/XMLString;Z)I @ 660
Event: 119.625 Thread 0x000000001a277800 Uncommon trap: reason=unstable_if action=reinterpret pc=0x000000000362bd80 method=com.sun.org.apache.xerces.internal.util.SymbolTable.addSymbol([CII)Ljava/lang/String; @ 38
Event: 120.286 Thread 0x000000001a277800 Uncommon trap: reason=unstable_if action=reinterpret pc=0x0000000003331958 method=com.google.gson.stream.JsonReader.doPeek()I @ 315

Classes redefined (0 events):
No events

Internal exceptions (10 events):
Event: 114.294 Thread 0x000000001a277800 Exception <a 'java/lang/ClassNotFoundException': com/android/build/gradle/internal/api/BaseVariantOutputImplCustomizer> (0x00000000e1896a80) thrown at [D:\src\AOSP-openjdk-cygwin\jdk8u\hotspot\src\share\vm\classfile\systemDictionary.cpp, line 210]
Event: 114.294 Thread 0x000000001a277800 Exception <a 'java/lang/ClassNotFoundException': com/android/build/gradle/internal/api/ApkVariantOutputImplCustomizer> (0x00000000e18cc4b0) thrown at [D:\src\AOSP-openjdk-cygwin\jdk8u\hotspot\src\share\vm\classfile\systemDictionary.cpp, line 210]
Event: 114.295 Thread 0x000000001a277800 Exception <a 'java/lang/ClassNotFoundException': com/android/build/gradle/internal/api/ApkVariantOutputImpl_DecoratedCustomizer> (0x00000000e18fd0b8) thrown at [D:\src\AOSP-openjdk-cygwin\jdk8u\hotspot\src\share\vm\classfile\systemDictionary.cpp, line 210
Event: 116.068 Thread 0x000000001a277800 Exception <a 'java/lang/NoSuchMethodError': java.lang.Object.lambda$static$0(Ljava/util/Set;Ljava/util/Set;)Z> (0x00000000e0294158) thrown at [D:\src\AOSP-openjdk-cygwin\jdk8u\hotspot\src\share\vm\interpreter\linkResolver.cpp, line 620]
Event: 116.068 Thread 0x000000001a277800 Exception <a 'java/lang/NoSuchMethodError': java.lang.Object.lambda$static$1(Ljava/util/Set;Ljava/util/Set;)Z> (0x00000000e02970c8) thrown at [D:\src\AOSP-openjdk-cygwin\jdk8u\hotspot\src\share\vm\interpreter\linkResolver.cpp, line 620]
Event: 116.069 Thread 0x000000001a277800 Exception <a 'java/lang/NoSuchMethodError': java.lang.Object.lambda$static$2(Ljava/util/Set;Ljava/util/Set;)Z> (0x00000000e0299c08) thrown at [D:\src\AOSP-openjdk-cygwin\jdk8u\hotspot\src\share\vm\interpreter\linkResolver.cpp, line 620]
Event: 116.069 Thread 0x000000001a277800 Exception <a 'java/lang/NoSuchMethodError': java.lang.Object.lambda$static$3(Ljava/util/Set;Ljava/util/Set;)Z> (0x00000000e029c748) thrown at [D:\src\AOSP-openjdk-cygwin\jdk8u\hotspot\src\share\vm\interpreter\linkResolver.cpp, line 620]
Event: 116.069 Thread 0x000000001a277800 Exception <a 'java/lang/NoSuchMethodError': java.lang.Object.lambda$static$4(Ljava/util/Set;Ljava/util/Set;)Z> (0x00000000e029f288) thrown at [D:\src\AOSP-openjdk-cygwin\jdk8u\hotspot\src\share\vm\interpreter\linkResolver.cpp, line 620]
Event: 118.341 Thread 0x000000001a277800 Exception <a 'java/lang/ClassNotFoundException': com/sun/org/glassfish/hk2/osgiresourcelocator/ServiceLoader> (0x00000000e0a6e280) thrown at [D:\src\AOSP-openjdk-cygwin\jdk8u\hotspot\src\share\vm\classfile\systemDictionary.cpp, line 210]
Event: 118.711 Thread 0x000000001a277800 Exception <a 'java/lang/NullPointerException'> (0x00000000e0f3b2b8) thrown at [D:\src\AOSP-openjdk-cygwin\jdk8u\hotspot\src\share\vm\interpreter\linkResolver.cpp, line 1287]

Events (10 events):
Event: 120.340 loading class org/gradle/api/internal/artifacts/dsl/ArtifactFile
Event: 120.340 loading class org/gradle/api/internal/artifacts/dsl/ArtifactFile done
Event: 120.340 loading class org/gradle/api/internal/artifacts/publish/DefaultPublishArtifact
Event: 120.340 loading class org/gradle/api/internal/artifacts/publish/DefaultPublishArtifact done
Event: 120.346 loading class org/gradle/api/internal/artifacts/ivyservice/moduleconverter/dependencies/DefaultLocalConfigurationMetadataBuilder$DefaultLocalFileDependencyMetadata
Event: 120.346 loading class org/gradle/api/internal/artifacts/ivyservice/moduleconverter/dependencies/DefaultLocalConfigurationMetadataBuilder$DefaultLocalFileDependencyMetadata done
Event: 120.347 loading class org/gradle/api/artifacts/DependencySubstitution
Event: 120.347 loading class org/gradle/api/artifacts/DependencySubstitution done
Event: 120.347 loading class org/gradle/api/artifacts/component/ModuleComponentSelector
Event: 120.347 loading class org/gradle/api/artifacts/component/ModuleComponentSelector done


Dynamic libraries:
0x00007ff7da0f0000 - 0x00007ff7da121000 	C:\Program Files\Android\Android Studio\jre\bin\java.exe
0x00007ffe80f60000 - 0x00007ffe81150000 	C:\WINDOWS\SYSTEM32\ntdll.dll
0x00007ffe7f020000 - 0x00007ffe7f0d2000 	C:\WINDOWS\System32\KERNEL32.DLL
0x00007ffe7e760000 - 0x00007ffe7ea03000 	C:\WINDOWS\System32\KERNELBASE.dll
0x00007ffe80c10000 - 0x00007ffe80cb3000 	C:\WINDOWS\System32\ADVAPI32.dll
0x00007ffe806d0000 - 0x00007ffe8076e000 	C:\WINDOWS\System32\msvcrt.dll
0x00007ffe80e80000 - 0x00007ffe80f17000 	C:\WINDOWS\System32\sechost.dll
0x00007ffe805b0000 - 0x00007ffe806d0000 	C:\WINDOWS\System32\RPCRT4.dll
0x00007ffe7f190000 - 0x00007ffe7f324000 	C:\WINDOWS\System32\USER32.dll
0x00007ffe7ec10000 - 0x00007ffe7ec31000 	C:\WINDOWS\System32\win32u.dll
0x00007ffe7f330000 - 0x00007ffe7f356000 	C:\WINDOWS\System32\GDI32.dll
0x00007ffe7ed50000 - 0x00007ffe7eee4000 	C:\WINDOWS\System32\gdi32full.dll
0x00007ffe7def0000 - 0x00007ffe7df8e000 	C:\WINDOWS\System32\msvcp_win.dll
0x00007ffe7ef10000 - 0x00007ffe7f00a000 	C:\WINDOWS\System32\ucrtbase.dll
0x00007ffe61060000 - 0x00007ffe612e5000 	C:\WINDOWS\WinSxS\amd64_microsoft.windows.common-controls_6595b64144ccf1df_6.0.18362.535_none_e6c3b34713100821\COMCTL32.dll
0x00007ffe801f0000 - 0x00007ffe80526000 	C:\WINDOWS\System32\combase.dll
0x00007ffe7ea40000 - 0x00007ffe7eac0000 	C:\WINDOWS\System32\bcryptPrimitives.dll
0x00007ffe7f430000 - 0x00007ffe7f45e000 	C:\WINDOWS\System32\IMM32.DLL
0x00000000738e0000 - 0x00000000739b2000 	C:\Program Files\Android\Android Studio\jre\jre\bin\msvcr100.dll
0x0000000072e00000 - 0x0000000073646000 	C:\Program Files\Android\Android Studio\jre\jre\bin\server\jvm.dll
0x00007ffe7f9a0000 - 0x00007ffe7f9a8000 	C:\WINDOWS\System32\PSAPI.DLL
0x00007ffe79f40000 - 0x00007ffe79f64000 	C:\WINDOWS\SYSTEM32\WINMM.dll
0x00007ffe76060000 - 0x00007ffe7606a000 	C:\WINDOWS\SYSTEM32\VERSION.dll
0x00007ffe78ed0000 - 0x00007ffe78efd000 	C:\WINDOWS\SYSTEM32\WINMMBASE.dll
0x00007ffe7e710000 - 0x00007ffe7e75a000 	C:\WINDOWS\System32\cfgmgr32.dll
0x00007ffe7acd0000 - 0x00007ffe7acd9000 	C:\WINDOWS\SYSTEM32\WSOCK32.dll
0x00007ffe7f9b0000 - 0x00007ffe7fa1f000 	C:\WINDOWS\System32\ws2_32.DLL
0x00007ffe7ac90000 - 0x00007ffe7ac9f000 	C:\Program Files\Android\Android Studio\jre\jre\bin\verify.dll
0x00007ffe71c00000 - 0x00007ffe71c29000 	C:\Program Files\Android\Android Studio\jre\jre\bin\java.dll
0x00007ffe71bb0000 - 0x00007ffe71bc6000 	C:\Program Files\Android\Android Studio\jre\jre\bin\zip.dll
0x00007ffe7faf0000 - 0x00007ffe801d5000 	C:\WINDOWS\System32\SHELL32.dll
0x00007ffe7f0e0000 - 0x00007ffe7f189000 	C:\WINDOWS\System32\shcore.dll
0x00007ffe7df90000 - 0x00007ffe7e70f000 	C:\WINDOWS\System32\windows.storage.dll
0x00007ffe7ded0000 - 0x00007ffe7deef000 	C:\WINDOWS\System32\profapi.dll
0x00007ffe7de60000 - 0x00007ffe7deaa000 	C:\WINDOWS\System32\powrprof.dll
0x00007ffe7de30000 - 0x00007ffe7de40000 	C:\WINDOWS\System32\UMPDC.dll
0x00007ffe7f360000 - 0x00007ffe7f3b2000 	C:\WINDOWS\System32\shlwapi.dll
0x00007ffe7deb0000 - 0x00007ffe7dec1000 	C:\WINDOWS\System32\kernel.appcore.dll
0x00007ffe7eef0000 - 0x00007ffe7ef07000 	C:\WINDOWS\System32\cryptsp.dll
0x00007ffe6fd00000 - 0x00007ffe6fd1a000 	C:\Program Files\Android\Android Studio\jre\jre\bin\net.dll
0x00007ffe7d6a0000 - 0x00007ffe7d707000 	C:\WINDOWS\system32\mswsock.dll
0x00007ffe6fce0000 - 0x00007ffe6fcf1000 	C:\Program Files\Android\Android Studio\jre\jre\bin\nio.dll
0x00007ffe6ad60000 - 0x00007ffe6ad86000 	C:\Users\Asus\.gradle\native\29\windows-amd64\native-platform.dll
0x00007ffe77de0000 - 0x00007ffe77ded000 	C:\Program Files\Android\Android Studio\jre\jre\bin\management.dll
0x00007ffe7d210000 - 0x00007ffe7d243000 	C:\WINDOWS\system32\rsaenh.dll
0x00007ffe7ea10000 - 0x00007ffe7ea36000 	C:\WINDOWS\System32\bcrypt.dll
0x00007ffe7dd50000 - 0x00007ffe7dd75000 	C:\WINDOWS\SYSTEM32\USERENV.dll
0x00007ffe7d870000 - 0x00007ffe7d87c000 	C:\WINDOWS\SYSTEM32\CRYPTBASE.dll
0x00007ffe7d3b0000 - 0x00007ffe7d3ea000 	C:\WINDOWS\SYSTEM32\IPHLPAPI.DLL
0x00007ffe7f010000 - 0x00007ffe7f018000 	C:\WINDOWS\System32\NSI.dll
0x00007ffe773d0000 - 0x00007ffe773e6000 	C:\WINDOWS\SYSTEM32\dhcpcsvc6.DLL
0x00007ffe77770000 - 0x00007ffe7778c000 	C:\WINDOWS\SYSTEM32\dhcpcsvc.DLL
0x00007ffe7d3f0000 - 0x00007ffe7d4ba000 	C:\WINDOWS\SYSTEM32\DNSAPI.dll

VM Arguments:
jvm_args: -Xmx1536m -Dfile.encoding=windows-1252 -Duser.country=US -Duser.language=en -Duser.variant 
java_command: org.gradle.launcher.daemon.bootstrap.GradleDaemon 5.4.1
java_class_path (initial): C:\Users\Asus\.gradle\wrapper\dists\gradle-5.4.1-all\3221gyojl5jsh0helicew7rwx\gradle-5.4.1\lib\gradle-launcher-5.4.1.jar
Launcher Type: SUN_STANDARD

Environment Variables:
PATH=C:\Program Files (x86)\Intel\Intel(R) Management Engine Components\iCLS\;C:\Program Files\Intel\Intel(R) Management Engine Components\iCLS\;C:\Windows\system32;C:\Windows;C:\Windows\System32\Wbem;C:\Windows\System32\WindowsPowerShell\v1.0\;C:\Windows\System32\OpenSSH\;C:\Program Files (x86)\Intel\Intel(R) Management Engine Components\DAL;C:\Program Files\Intel\Intel(R) Management Engine Components\DAL;C:\Program Files (x86)\Intel\Intel(R) Management Engine Components\IPT;C:\Program Files\Intel\Intel(R) Management Engine Components\IPT;C:\Program Files\Java\jdk-12.0.1\bin;C:\Program Files\NVIDIA Corporation\NVIDIA NvDLISR;C:\Program Files (x86)\NVIDIA Corporation\PhysX\Common;C:\Program Files\nodejs\;C:\xampp\php;C:\Program Files\MATLAB\R2017b\runtime\win64;C:\Program Files\MATLAB\R2017b\bin;%SystemRoot%\system32;%SystemRoot%;%SystemRoot%\System32\Wbem;%SYSTEMROOT%\System32\WindowsPowerShell\v1.0\;%SYSTEMROOT%\System32\OpenSSH\;C:\Users\Asus\AppData\Local\Programs\Python\Python37-32\Scripts\;C:\Users\Asus\AppData\Local\Programs\Python\Python37-32\;C:\Users\Asus\AppData\Local\Microsoft\WindowsApps;C:\Users\Asus\AppData\Local\Programs\Microsoft VS Code\bin;C:\Users\Asus\AppData\Roaming\npm;C:\Users\Asus\AppData\Local\GitHubDesktop\bin
USERNAME=Asus
OS=Windows_NT
PROCESSOR_IDENTIFIER=Intel64 Family 6 Model 142 Stepping 10, GenuineIntel



---------------  S Y S T E M  ---------------

OS: Windows 10.0 , 64 bit Build 18362 (10.0.18362.329)

CPU:total 8 (initial active 8) (4 cores per cpu, 2 threads per core) family 6 model 142 stepping 10, cmov, cx8, fxsr, mmx, sse, sse2, sse3, ssse3, sse4.1, sse4.2, popcnt, avx, avx2, aes, clmul, erms, 3dnowpref, lzcnt, ht, tsc, tscinvbit, bmi1, bmi2, adx

Memory: 4k page, physical 8267560k(262724k free), swap 12461864k(4468k free)

vm_info: OpenJDK 64-Bit Server VM (25.202-b03) for windows-amd64 JRE (1.8.0_202-release-1483-b03), built by "builder" with MS VC++ 10.0 (VS2010)

time: Mon Dec 23 19:41:05 2019
timezone: SE Asia Standard Time
elapsed time: 120 seconds (0d 0h 2m 0s)

