#
# There is insufficient memory for the Java Runtime Environment to continue.
# Native memory allocation (malloc) failed to allocate 32744 bytes for ChunkPool::allocate
# Possible reasons:
#   The system is out of physical RAM or swap space
#   The process is running with CompressedOops enabled, and the Java Heap may be blocking the growth of the native heap
# Possible solutions:
#   Reduce memory load on the system
#   Increase physical memory or swap space
#   Check if swap backing store is full
#   Decrease Java heap size (-Xmx/-Xms)
#   Decrease number of Java threads
#   Decrease Java thread stack sizes (-Xss)
#   Set larger code cache with -XX:ReservedCodeCacheSize=
#   JVM is running with Unscaled Compressed Oops mode in which the Java heap is
#     placed in the first 4GB address space. The Java Heap base address is the
#     maximum limit for the native heap growth. Please use -XX:HeapBaseMinAddress
#     to set the Java Heap base and to place the Java Heap above 4GB virtual address.
# This output file may be truncated or incomplete.
#
#  Out of Memory Error (allocation.cpp:272), pid=3552, tid=0x0000000000006148
#
# JRE version: OpenJDK Runtime Environment (8.0_202-b03) (build 1.8.0_202-release-1483-b03)
# Java VM: OpenJDK 64-Bit Server VM (25.202-b03 mixed mode windows-amd64 compressed oops)
# Failed to write core dump. Minidumps are not enabled by default on client versions of Windows
#

---------------  T H R E A D  ---------------

Current thread (0x0000000018390000):  JavaThread "C2 CompilerThread1" daemon [_thread_in_native, id=24904, stack(0x0000000018d60000,0x0000000018e60000)]

Stack: [0x0000000018d60000,0x0000000018e60000]
[error occurred during error reporting (printing stack bounds), id 0xc0000005]

Native frames: (J=compiled Java code, j=interpreted, Vv=VM code, C=native code)


Current CompileTask:
C2: 615924 14618       4       java.lang.Class::privateGetMethodRecursive (130 bytes)


---------------  P R O C E S S  ---------------

Java Threads: ( => current thread )
  0x000000002135e800 JavaThread "Cache worker for file hash cache (C:\Users\Asus\AndroidStudioProjects\Ticketer\.gradle\5.4.1\fileHashes)" [_thread_blocked, id=904, stack(0x0000000022110000,0x0000000022210000)]
  0x000000002135f800 JavaThread "Thread-123" [_thread_blocked, id=24708, stack(0x0000000020b90000,0x0000000020c90000)]
  0x0000000021361000 JavaThread "Stdin handler" [_thread_blocked, id=15408, stack(0x000000001f420000,0x000000001f520000)]
  0x000000002135e000 JavaThread "Asynchronous log dispatcher for DefaultDaemonConnection: socket connection from /127.0.0.1:64660 to /127.0.0.1:65410" [_thread_blocked, id=16908, stack(0x000000001b9b0000,0x000000001bab0000)]
  0x0000000019d76800 JavaThread "Daemon worker Thread 4" [_thread_in_vm, id=26996, stack(0x000000001b8b0000,0x000000001b9b0000)]
  0x0000000019d75800 JavaThread "Cancel handler" [_thread_blocked, id=9304, stack(0x000000001b7b0000,0x000000001b8b0000)]
  0x0000000019d75000 JavaThread "Handler for socket connection from /127.0.0.1:64660 to /127.0.0.1:65410" [_thread_in_native, id=7228, stack(0x000000001b4b0000,0x000000001b5b0000)]
  0x0000000019d74000 JavaThread "Daemon Thread 4" [_thread_blocked, id=26724, stack(0x000000001b3b0000,0x000000001b4b0000)]
  0x0000000021362800 JavaThread "Cache worker for Java compile cache (C:\Users\Asus\.gradle\caches\5.4.1\javaCompile)" [_thread_blocked, id=21492, stack(0x0000000026dd0000,0x0000000026ed0000)]
  0x000000001c4e4800 JavaThread "Cache worker for file content cache (C:\Users\Asus\.gradle\caches\5.4.1\fileContent)" [_thread_blocked, id=6704, stack(0x0000000024d80000,0x0000000024e80000)]
  0x000000001c4db800 JavaThread "Memory manager" [_thread_blocked, id=20840, stack(0x0000000023040000,0x0000000023140000)]
  0x000000001c4de800 JavaThread "Cache worker for execution history cache (C:\Users\Asus\.gradle\caches\5.4.1\executionHistory)" [_thread_blocked, id=18284, stack(0x0000000022210000,0x0000000022310000)]
  0x0000000019d71000 JavaThread "Cache worker for journal cache (C:\Users\Asus\.gradle\caches\journal-1)" [_thread_blocked, id=19776, stack(0x000000001bfb0000,0x000000001c0b0000)]
  0x0000000019d70000 JavaThread "File lock request listener" [_thread_in_native, id=11780, stack(0x000000001beb0000,0x000000001bfb0000)]
  0x000000001a7e6000 JavaThread "Cache worker for file hash cache (C:\Users\Asus\.gradle\caches\5.4.1\fileHashes)" [_thread_blocked, id=22080, stack(0x000000001bdb0000,0x000000001beb0000)]
  0x00000000194d9800 JavaThread "Daemon periodic checks" [_thread_blocked, id=3244, stack(0x000000001b2b0000,0x000000001b3b0000)]
  0x0000000019429800 JavaThread "Incoming local TCP Connector on port 64660" [_thread_in_native, id=22140, stack(0x000000001b070000,0x000000001b170000)]
  0x000000001a50f800 JavaThread "Daemon health stats" [_thread_blocked, id=24344, stack(0x000000001aa30000,0x000000001ab30000)]
  0x00000000183b2000 JavaThread "Service Thread" daemon [_thread_blocked, id=26448, stack(0x0000000019060000,0x0000000019160000)]
  0x0000000018395000 JavaThread "C1 CompilerThread3" daemon [_thread_blocked, id=8552, stack(0x0000000018f60000,0x0000000019060000)]
  0x0000000018391800 JavaThread "C2 CompilerThread2" daemon [_thread_blocked, id=8976, stack(0x0000000018e60000,0x0000000018f60000)]
=>0x0000000018390000 JavaThread "C2 CompilerThread1" daemon [_thread_in_native, id=24904, stack(0x0000000018d60000,0x0000000018e60000)]
  0x000000001838d000 JavaThread "C2 CompilerThread0" daemon [_thread_blocked, id=26888, stack(0x0000000018c60000,0x0000000018d60000)]
  0x000000001838b800 JavaThread "Attach Listener" daemon [_thread_blocked, id=21076, stack(0x0000000018b60000,0x0000000018c60000)]
  0x0000000018396000 JavaThread "Signal Dispatcher" daemon [_thread_blocked, id=17748, stack(0x0000000018a60000,0x0000000018b60000)]
  0x00000000027ae000 JavaThread "Finalizer" daemon [_thread_blocked, id=20436, stack(0x0000000018860000,0x0000000018960000)]
  0x00000000027a5000 JavaThread "Reference Handler" daemon [_thread_blocked, id=18608, stack(0x0000000018760000,0x0000000018860000)]
  0x00000000026ae000 JavaThread "main" [_thread_blocked, id=8880, stack(0x00000000024f0000,0x00000000025f0000)]

Other Threads:
  0x0000000016568000 VMThread [stack: 0x0000000018260000,0x0000000018360000] [id=23888]
  0x00000000183b2800 WatcherThread [stack: 0x0000000019160000,0x0000000019260000] [id=10544]

VM state:not at safepoint (normal execution)

VM Mutex/Monitor currently owned by a thread: None

heap address: 0x00000000a0000000, size: 1536 MB, Compressed Oops mode: 32-bit
Narrow klass base: 0x0000000000000000, Narrow klass shift: 3
Compressed class space size: 1073741824 Address: 0x0000000100000000

Heap:
 PSYoungGen      total 174592K, used 39303K [0x00000000e0000000, 0x00000000ecc00000, 0x0000000100000000)
  eden space 163328K, 17% used [0x00000000e0000000,0x00000000e1b954f0,0x00000000e9f80000)
  from space 11264K, 98% used [0x00000000ead00000,0x00000000eb7cc938,0x00000000eb800000)
  to   space 20480K, 0% used [0x00000000eb800000,0x00000000eb800000,0x00000000ecc00000)
 ParOldGen       total 144896K, used 49546K [0x00000000a0000000, 0x00000000a8d80000, 0x00000000e0000000)
  object space 144896K, 34% used [0x00000000a0000000,0x00000000a3062980,0x00000000a8d80000)
 Metaspace       used 84129K, capacity 87946K, committed 88216K, reserved 1126400K
  class space    used 11153K, capacity 11904K, committed 11944K, reserved 1048576K

Card table byte_map: [0x0000000011b70000,0x0000000011e80000] byte_map_base: 0x0000000011670000

Marking Bits: (ParMarkBitMap*) 0x00000000735c9f30
 Begin Bits: [0x0000000012880000, 0x0000000014080000)
 End Bits:   [0x0000000014080000, 0x0000000015880000)

Polling page: 0x0000000000820000

CodeCache: size=245760Kb used=38662Kb max_used=38945Kb free=207097Kb
 bounds [0x00000000027b0000, 0x0000000004e00000, 0x00000000117b0000]
 total_blobs=12727 nmethods=11875 adapters=764
 compilation: enabled

Compilation events (10 events):
Event: 615.837 Thread 0x0000000018395000 nmethod 14615 0x000000000463bed0 code [0x000000000463c040, 0x000000000463c318]
Event: 615.837 Thread 0x0000000018395000 14616       3       org.gradle.api.internal.model.DefaultObjectFactory::named (10 bytes)
Event: 615.838 Thread 0x0000000018395000 nmethod 14616 0x00000000035ecfd0 code [0x00000000035ed140, 0x00000000035ed2e8]
Event: 615.840 Thread 0x0000000018395000 14617       3       com.google.common.collect.AbstractSetMultimap::<init> (6 bytes)
Event: 615.840 Thread 0x0000000018395000 nmethod 14617 0x0000000003222c50 code [0x0000000003222e00, 0x0000000003223298]
Event: 615.840 Thread 0x0000000018390000 14618       4       java.lang.Class::privateGetMethodRecursive (130 bytes)
Event: 615.841 Thread 0x0000000018395000 14619       3       com.google.common.cache.LocalCache$Strength$1::defaultEquivalence (4 bytes)
Event: 615.841 Thread 0x0000000018395000 nmethod 14619 0x0000000002ab8410 code [0x0000000002ab8580, 0x0000000002ab8730]
Event: 615.842 Thread 0x0000000018395000 14620       1       org.gradle.api.internal.plugins.PluginInspector$PotentialImperativeClassPlugin::asClass (5 bytes)
Event: 615.842 Thread 0x0000000018395000 nmethod 14620 0x0000000002a59f90 code [0x0000000002a5a0e0, 0x0000000002a5a1f0]

GC Heap History (10 events):
Event: 19.729 GC heap before
{Heap before GC invocations=16 (full 3):
 PSYoungGen      total 174592K, used 158720K [0x00000000e0000000, 0x00000000ec000000, 0x0000000100000000)
  eden space 158720K, 100% used [0x00000000e0000000,0x00000000e9b00000,0x00000000e9b00000)
  from space 15872K, 0% used [0x00000000eaa00000,0x00000000eaa00000,0x00000000eb980000)
  to   space 15360K, 0% used [0x00000000e9b00000,0x00000000e9b00000,0x00000000eaa00000)
 ParOldGen       total 144896K, used 29848K [0x00000000a0000000, 0x00000000a8d80000, 0x00000000e0000000)
  object space 144896K, 20% used [0x00000000a0000000,0x00000000a1d26008,0x00000000a8d80000)
 Metaspace       used 61642K, capacity 63600K, committed 63640K, reserved 1103872K
  class space    used 8364K, capacity 8849K, committed 8872K, reserved 1048576K
Event: 19.735 GC heap after
Heap after GC invocations=16 (full 3):
 PSYoungGen      total 174080K, used 10318K [0x00000000e0000000, 0x00000000eca80000, 0x0000000100000000)
  eden space 158720K, 0% used [0x00000000e0000000,0x00000000e0000000,0x00000000e9b00000)
  from space 15360K, 67% used [0x00000000e9b00000,0x00000000ea513bd8,0x00000000eaa00000)
  to   space 15360K, 0% used [0x00000000ebb80000,0x00000000ebb80000,0x00000000eca80000)
 ParOldGen       total 144896K, used 29856K [0x00000000a0000000, 0x00000000a8d80000, 0x00000000e0000000)
  object space 144896K, 20% used [0x00000000a0000000,0x00000000a1d28008,0x00000000a8d80000)
 Metaspace       used 61642K, capacity 63600K, committed 63640K, reserved 1103872K
  class space    used 8364K, capacity 8849K, committed 8872K, reserved 1048576K
}
Event: 71.403 GC heap before
{Heap before GC invocations=17 (full 3):
 PSYoungGen      total 174080K, used 169038K [0x00000000e0000000, 0x00000000eca80000, 0x0000000100000000)
  eden space 158720K, 100% used [0x00000000e0000000,0x00000000e9b00000,0x00000000e9b00000)
  from space 15360K, 67% used [0x00000000e9b00000,0x00000000ea513bd8,0x00000000eaa00000)
  to   space 15360K, 0% used [0x00000000ebb80000,0x00000000ebb80000,0x00000000eca80000)
 ParOldGen       total 144896K, used 29856K [0x00000000a0000000, 0x00000000a8d80000, 0x00000000e0000000)
  object space 144896K, 20% used [0x00000000a0000000,0x00000000a1d28008,0x00000000a8d80000)
 Metaspace       used 73217K, capacity 75866K, committed 76056K, reserved 1114112K
  class space    used 9905K, capacity 10510K, committed 10536K, reserved 1048576K
Event: 71.433 GC heap after
Heap after GC invocations=17 (full 3):
 PSYoungGen      total 188416K, used 15339K [0x00000000e0000000, 0x00000000ece00000, 0x0000000100000000)
  eden space 173056K, 0% used [0x00000000e0000000,0x00000000e0000000,0x00000000ea900000)
  from space 15360K, 99% used [0x00000000ebb80000,0x00000000eca7af28,0x00000000eca80000)
  to   space 18944K, 0% used [0x00000000ea900000,0x00000000ea900000,0x00000000ebb80000)
 ParOldGen       total 144896K, used 35727K [0x00000000a0000000, 0x00000000a8d80000, 0x00000000e0000000)
  object space 144896K, 24% used [0x00000000a0000000,0x00000000a22e3c68,0x00000000a8d80000)
 Metaspace       used 73217K, capacity 75866K, committed 76056K, reserved 1114112K
  class space    used 9905K, capacity 10510K, committed 10536K, reserved 1048576K
}
Event: 214.879 GC heap before
{Heap before GC invocations=18 (full 3):
 PSYoungGen      total 188416K, used 188395K [0x00000000e0000000, 0x00000000ece00000, 0x0000000100000000)
  eden space 173056K, 100% used [0x00000000e0000000,0x00000000ea900000,0x00000000ea900000)
  from space 15360K, 99% used [0x00000000ebb80000,0x00000000eca7af28,0x00000000eca80000)
  to   space 18944K, 0% used [0x00000000ea900000,0x00000000ea900000,0x00000000ebb80000)
 ParOldGen       total 144896K, used 35727K [0x00000000a0000000, 0x00000000a8d80000, 0x00000000e0000000)
  object space 144896K, 24% used [0x00000000a0000000,0x00000000a22e3c68,0x00000000a8d80000)
 Metaspace       used 82531K, capacity 86192K, committed 86424K, reserved 1124352K
  class space    used 11120K, capacity 11863K, committed 11944K, reserved 1048576K
Event: 214.896 GC heap after
Heap after GC invocations=18 (full 3):
 PSYoungGen      total 192000K, used 18934K [0x00000000e0000000, 0x00000000ee200000, 0x0000000100000000)
  eden space 173056K, 0% used [0x00000000e0000000,0x00000000e0000000,0x00000000ea900000)
  from space 18944K, 99% used [0x00000000ea900000,0x00000000ebb7d868,0x00000000ebb80000)
  to   space 23040K, 0% used [0x00000000ecb80000,0x00000000ecb80000,0x00000000ee200000)
 ParOldGen       total 144896K, used 39917K [0x00000000a0000000, 0x00000000a8d80000, 0x00000000e0000000)
  object space 144896K, 27% used [0x00000000a0000000,0x00000000a26fb568,0x00000000a8d80000)
 Metaspace       used 82531K, capacity 86192K, committed 86424K, reserved 1124352K
  class space    used 11120K, capacity 11863K, committed 11944K, reserved 1048576K
}
Event: 259.780 GC heap before
{Heap before GC invocations=19 (full 3):
 PSYoungGen      total 192000K, used 191990K [0x00000000e0000000, 0x00000000ee200000, 0x0000000100000000)
  eden space 173056K, 100% used [0x00000000e0000000,0x00000000ea900000,0x00000000ea900000)
  from space 18944K, 99% used [0x00000000ea900000,0x00000000ebb7d868,0x00000000ebb80000)
  to   space 23040K, 0% used [0x00000000ecb80000,0x00000000ecb80000,0x00000000ee200000)
 ParOldGen       total 144896K, used 39917K [0x00000000a0000000, 0x00000000a8d80000, 0x00000000e0000000)
  object space 144896K, 27% used [0x00000000a0000000,0x00000000a26fb568,0x00000000a8d80000)
 Metaspace       used 83213K, capacity 86982K, committed 87192K, reserved 1124352K
  class space    used 11123K, capacity 11866K, committed 11944K, reserved 1048576K
Event: 259.815 GC heap after
Heap after GC invocations=19 (full 3):
 PSYoungGen      total 182784K, used 14547K [0x00000000e0000000, 0x00000000eda00000, 0x0000000100000000)
  eden space 167936K, 0% used [0x00000000e0000000,0x00000000e0000000,0x00000000ea400000)
  from space 14848K, 97% used [0x00000000ecb80000,0x00000000ed9b4e10,0x00000000eda00000)
  to   space 23040K, 0% used [0x00000000ead00000,0x00000000ead00000,0x00000000ec380000)
 ParOldGen       total 144896K, used 49538K [0x00000000a0000000, 0x00000000a8d80000, 0x00000000e0000000)
  object space 144896K, 34% used [0x00000000a0000000,0x00000000a3060980,0x00000000a8d80000)
 Metaspace       used 83213K, capacity 86982K, committed 87192K, reserved 1124352K
  class space    used 11123K, capacity 11866K, committed 11944K, reserved 1048576K
}
Event: 382.592 GC heap before
{Heap before GC invocations=20 (full 3):
 PSYoungGen      total 182784K, used 182483K [0x00000000e0000000, 0x00000000eda00000, 0x0000000100000000)
  eden space 167936K, 100% used [0x00000000e0000000,0x00000000ea400000,0x00000000ea400000)
  from space 14848K, 97% used [0x00000000ecb80000,0x00000000ed9b4e10,0x00000000eda00000)
  to   space 23040K, 0% used [0x00000000ead00000,0x00000000ead00000,0x00000000ec380000)
 ParOldGen       total 144896K, used 49538K [0x00000000a0000000, 0x00000000a8d80000, 0x00000000e0000000)
  object space 144896K, 34% used [0x00000000a0000000,0x00000000a3060980,0x00000000a8d80000)
 Metaspace       used 84016K, capacity 87852K, committed 87960K, reserved 1126400K
  class space    used 11150K, capacity 11899K, committed 11944K, reserved 1048576K
Event: 382.601 GC heap after
Heap after GC invocations=20 (full 3):
 PSYoungGen      total 174592K, used 11058K [0x00000000e0000000, 0x00000000ecc00000, 0x0000000100000000)
  eden space 163328K, 0% used [0x00000000e0000000,0x00000000e0000000,0x00000000e9f80000)
  from space 11264K, 98% used [0x00000000ead00000,0x00000000eb7cc938,0x00000000eb800000)
  to   space 20480K, 0% used [0x00000000eb800000,0x00000000eb800000,0x00000000ecc00000)
 ParOldGen       total 144896K, used 49546K [0x00000000a0000000, 0x00000000a8d80000, 0x00000000e0000000)
  object space 144896K, 34% used [0x00000000a0000000,0x00000000a3062980,0x00000000a8d80000)
 Metaspace       used 84016K, capacity 87852K, committed 87960K, reserved 1126400K
  class space    used 11150K, capacity 11899K, committed 11944K, reserved 1048576K
}

Deoptimization events (10 events):
Event: 378.294 Thread 0x000000001c4e3000 Uncommon trap: reason=class_check action=maybe_recompile pc=0x0000000004c5f708 method=com.sun.org.apache.xerces.internal.dom.NamedNodeMapImpl.getNamedItem(Ljava/lang/String;)Lorg/w3c/dom/Node; @ 28
Event: 378.294 Thread 0x000000001c4e3000 Uncommon trap: reason=class_check action=maybe_recompile pc=0x0000000004c5f708 method=com.sun.org.apache.xerces.internal.dom.NamedNodeMapImpl.getNamedItem(Ljava/lang/String;)Lorg/w3c/dom/Node; @ 28
Event: 378.294 Thread 0x000000001c4e3000 Uncommon trap: reason=class_check action=maybe_recompile pc=0x0000000004c5f708 method=com.sun.org.apache.xerces.internal.dom.NamedNodeMapImpl.getNamedItem(Ljava/lang/String;)Lorg/w3c/dom/Node; @ 28
Event: 378.376 Thread 0x000000001c4e3000 Uncommon trap: reason=bimorphic action=maybe_recompile pc=0x0000000003bd3400 method=com.sun.org.apache.xerces.internal.dom.CoreDocumentImpl.isKidOK(Lorg/w3c/dom/Node;Lorg/w3c/dom/Node;)Z @ 39
Event: 378.514 Thread 0x000000001c4da000 Uncommon trap: reason=unstable_if action=reinterpret pc=0x0000000003dc8424 method=java.util.concurrent.locks.LockSupport.unpark(Ljava/lang/Thread;)V @ 1
Event: 382.901 Thread 0x000000001c4e7800 Uncommon trap: reason=class_check action=maybe_recompile pc=0x0000000002ca7378 method=java.util.zip.InflaterInputStream.read([BII)I @ 100
Event: 383.062 Thread 0x0000000021360000 Uncommon trap: reason=unstable_if action=reinterpret pc=0x0000000004c7ba98 method=sun.nio.ch.IOUtil.writeFromNativeBuffer(Ljava/io/FileDescriptor;Ljava/nio/ByteBuffer;JLsun/nio/ch/NativeDispatcher;)I @ 121
Event: 383.062 Thread 0x0000000021360000 Uncommon trap: reason=unstable_if action=reinterpret pc=0x0000000004d866c4 method=org.gradle.internal.remote.internal.inet.SocketConnection$SocketOutputStream.writeWithNonBlockingRetry()I @ 41
Event: 615.825 Thread 0x0000000019d75000 Uncommon trap: reason=class_check action=maybe_recompile pc=0x0000000003dcc660 method=java.lang.reflect.Array.newInstance(Ljava/lang/Class;I)Ljava/lang/Object; @ 2
Event: 615.831 Thread 0x0000000021361000 Uncommon trap: reason=unstable_if action=reinterpret pc=0x00000000029d8950 method=org.gradle.internal.logging.sink.OutputEventRenderer.onOutput(Lorg/gradle/internal/logging/events/OutputEvent;)V @ 24

Classes redefined (0 events):
No events

Internal exceptions (10 events):
Event: 259.931 Thread 0x000000001c4e6000 Exception <a 'sun/nio/fs/WindowsException'> (0x00000000e0025798) thrown at [D:\src\AOSP-openjdk-cygwin\jdk8u\hotspot\src\share\vm\prims\jni.cpp, line 710]
Event: 260.304 Thread 0x0000000019d75000 Exception <a 'sun/nio/fs/WindowsException'> (0x00000000e0411c10) thrown at [D:\src\AOSP-openjdk-cygwin\jdk8u\hotspot\src\share\vm\prims\jni.cpp, line 710]
Event: 260.306 Thread 0x0000000019d75000 Exception <a 'sun/nio/fs/WindowsException'> (0x00000000e041d4c8) thrown at [D:\src\AOSP-openjdk-cygwin\jdk8u\hotspot\src\share\vm\prims\jni.cpp, line 710]
Event: 260.309 Thread 0x0000000019d75000 Exception <a 'sun/nio/fs/WindowsException'> (0x00000000e046e318) thrown at [D:\src\AOSP-openjdk-cygwin\jdk8u\hotspot\src\share\vm\prims\jni.cpp, line 710]
Event: 260.310 Thread 0x0000000019d75000 Exception <a 'sun/nio/fs/WindowsException'> (0x00000000e04f6300) thrown at [D:\src\AOSP-openjdk-cygwin\jdk8u\hotspot\src\share\vm\prims\jni.cpp, line 710]
Event: 260.312 Thread 0x0000000019d75000 Exception <a 'sun/nio/fs/WindowsException'> (0x00000000e04fcb40) thrown at [D:\src\AOSP-openjdk-cygwin\jdk8u\hotspot\src\share\vm\prims\jni.cpp, line 710]
Event: 262.135 Thread 0x000000001fb95800 Exception <a 'sun/nio/fs/WindowsException'> (0x00000000e0b96558) thrown at [D:\src\AOSP-openjdk-cygwin\jdk8u\hotspot\src\share\vm\prims\jni.cpp, line 710]
Event: 262.297 Thread 0x000000001fb98000 Exception <a 'sun/nio/fs/WindowsException'> (0x00000000e185a5c8) thrown at [D:\src\AOSP-openjdk-cygwin\jdk8u\hotspot\src\share\vm\prims\jni.cpp, line 710]
Event: 263.408 Thread 0x0000000021362000 Exception <a 'sun/nio/fs/WindowsException'> (0x00000000e25de408) thrown at [D:\src\AOSP-openjdk-cygwin\jdk8u\hotspot\src\share\vm\prims\jni.cpp, line 710]
Event: 383.068 Thread 0x000000002135f800 Exception <a 'sun/nio/fs/WindowsException'> (0x00000000e13e93a8) thrown at [D:\src\AOSP-openjdk-cygwin\jdk8u\hotspot\src\share\vm\prims\jni.cpp, line 710]

Events (10 events):
Event: 615.841 Thread 0x0000000018395000 flushing nmethod 0x0000000002d13950
Event: 615.842 Thread 0x0000000018395000 flushing nmethod 0x0000000002e1b410
Event: 615.842 Thread 0x0000000018395000 flushing nmethod 0x0000000002f2d5d0
Event: 615.842 Thread 0x0000000018395000 flushing nmethod 0x0000000002f59390
Event: 615.842 Thread 0x0000000018395000 flushing nmethod 0x0000000002f83f10
Event: 615.842 Thread 0x0000000018395000 flushing nmethod 0x0000000002f9ffd0
Event: 615.842 Thread 0x0000000018395000 flushing nmethod 0x000000000301b0d0
Event: 615.842 Thread 0x0000000018395000 flushing nmethod 0x000000000302f810
Event: 615.842 Thread 0x0000000018395000 flushing nmethod 0x00000000030405d0
Event: 615.842 Thread 0x0000000018395000 flushing nmethod 0x0000000003099390


Dynamic libraries:
0x00007ff7da0f0000 - 0x00007ff7da121000 	C:\Program Files\Android\Android Studio\jre\bin\java.exe
0x00007ffe80f60000 - 0x00007ffe81150000 	C:\WINDOWS\SYSTEM32\ntdll.dll
0x00007ffe7f020000 - 0x00007ffe7f0d2000 	C:\WINDOWS\System32\KERNEL32.DLL
0x00007ffe7e760000 - 0x00007ffe7ea03000 	C:\WINDOWS\System32\KERNELBASE.dll
0x00007ffe80c10000 - 0x00007ffe80cb3000 	C:\WINDOWS\System32\ADVAPI32.dll
0x00007ffe806d0000 - 0x00007ffe8076e000 	C:\WINDOWS\System32\msvcrt.dll
0x00007ffe80e80000 - 0x00007ffe80f17000 	C:\WINDOWS\System32\sechost.dll
0x00007ffe805b0000 - 0x00007ffe806d0000 	C:\WINDOWS\System32\RPCRT4.dll
0x00007ffe7f190000 - 0x00007ffe7f324000 	C:\WINDOWS\System32\USER32.dll
0x00007ffe7ec10000 - 0x00007ffe7ec31000 	C:\WINDOWS\System32\win32u.dll
0x00007ffe7f330000 - 0x00007ffe7f356000 	C:\WINDOWS\System32\GDI32.dll
0x00007ffe7ed50000 - 0x00007ffe7eee4000 	C:\WINDOWS\System32\gdi32full.dll
0x00007ffe7def0000 - 0x00007ffe7df8e000 	C:\WINDOWS\System32\msvcp_win.dll
0x00007ffe7ef10000 - 0x00007ffe7f00a000 	C:\WINDOWS\System32\ucrtbase.dll
0x00007ffe61060000 - 0x00007ffe612e5000 	C:\WINDOWS\WinSxS\amd64_microsoft.windows.common-controls_6595b64144ccf1df_6.0.18362.535_none_e6c3b34713100821\COMCTL32.dll
0x00007ffe801f0000 - 0x00007ffe80526000 	C:\WINDOWS\System32\combase.dll
0x00007ffe7ea40000 - 0x00007ffe7eac0000 	C:\WINDOWS\System32\bcryptPrimitives.dll
0x00007ffe7f430000 - 0x00007ffe7f45e000 	C:\WINDOWS\System32\IMM32.DLL
0x00000000738e0000 - 0x00000000739b2000 	C:\Program Files\Android\Android Studio\jre\jre\bin\msvcr100.dll
0x0000000072e00000 - 0x0000000073646000 	C:\Program Files\Android\Android Studio\jre\jre\bin\server\jvm.dll
0x00007ffe7f9a0000 - 0x00007ffe7f9a8000 	C:\WINDOWS\System32\PSAPI.DLL
0x00007ffe76060000 - 0x00007ffe7606a000 	C:\WINDOWS\SYSTEM32\VERSION.dll
0x00007ffe79f40000 - 0x00007ffe79f64000 	C:\WINDOWS\SYSTEM32\WINMM.dll
0x00007ffe7acd0000 - 0x00007ffe7acd9000 	C:\WINDOWS\SYSTEM32\WSOCK32.dll
0x00007ffe7f9b0000 - 0x00007ffe7fa1f000 	C:\WINDOWS\System32\WS2_32.dll
0x00007ffe78ed0000 - 0x00007ffe78efd000 	C:\WINDOWS\SYSTEM32\WINMMBASE.dll
0x00007ffe7e710000 - 0x00007ffe7e75a000 	C:\WINDOWS\System32\cfgmgr32.dll
0x00007ffe7ac90000 - 0x00007ffe7ac9f000 	C:\Program Files\Android\Android Studio\jre\jre\bin\verify.dll
0x00007ffe71c00000 - 0x00007ffe71c29000 	C:\Program Files\Android\Android Studio\jre\jre\bin\java.dll
0x00007ffe71bb0000 - 0x00007ffe71bc6000 	C:\Program Files\Android\Android Studio\jre\jre\bin\zip.dll
0x00007ffe7faf0000 - 0x00007ffe801d5000 	C:\WINDOWS\System32\SHELL32.dll
0x00007ffe7f0e0000 - 0x00007ffe7f189000 	C:\WINDOWS\System32\shcore.dll
0x00007ffe7df90000 - 0x00007ffe7e70f000 	C:\WINDOWS\System32\windows.storage.dll
0x00007ffe7ded0000 - 0x00007ffe7deef000 	C:\WINDOWS\System32\profapi.dll
0x00007ffe7de60000 - 0x00007ffe7deaa000 	C:\WINDOWS\System32\powrprof.dll
0x00007ffe7de30000 - 0x00007ffe7de40000 	C:\WINDOWS\System32\UMPDC.dll
0x00007ffe7f360000 - 0x00007ffe7f3b2000 	C:\WINDOWS\System32\shlwapi.dll
0x00007ffe7deb0000 - 0x00007ffe7dec1000 	C:\WINDOWS\System32\kernel.appcore.dll
0x00007ffe7eef0000 - 0x00007ffe7ef07000 	C:\WINDOWS\System32\cryptsp.dll
0x00007ffe6fd00000 - 0x00007ffe6fd1a000 	C:\Program Files\Android\Android Studio\jre\jre\bin\net.dll
0x00007ffe7d6a0000 - 0x00007ffe7d707000 	C:\WINDOWS\system32\mswsock.dll
0x00007ffe6fce0000 - 0x00007ffe6fcf1000 	C:\Program Files\Android\Android Studio\jre\jre\bin\nio.dll
0x00007ffe6ad60000 - 0x00007ffe6ad86000 	C:\Users\Asus\.gradle\native\29\windows-amd64\native-platform.dll
0x00007ffe77de0000 - 0x00007ffe77ded000 	C:\Program Files\Android\Android Studio\jre\jre\bin\management.dll
0x00007ffe7d210000 - 0x00007ffe7d243000 	C:\WINDOWS\system32\rsaenh.dll
0x00007ffe7ea10000 - 0x00007ffe7ea36000 	C:\WINDOWS\System32\bcrypt.dll
0x00007ffe7dd50000 - 0x00007ffe7dd75000 	C:\WINDOWS\SYSTEM32\USERENV.dll
0x00007ffe7d870000 - 0x00007ffe7d87c000 	C:\WINDOWS\SYSTEM32\CRYPTBASE.dll
0x00007ffe7d3b0000 - 0x00007ffe7d3ea000 	C:\WINDOWS\SYSTEM32\IPHLPAPI.DLL
0x00007ffe7f010000 - 0x00007ffe7f018000 	C:\WINDOWS\System32\NSI.dll
0x00007ffe773d0000 - 0x00007ffe773e6000 	C:\WINDOWS\SYSTEM32\dhcpcsvc6.DLL
0x00007ffe77770000 - 0x00007ffe7778c000 	C:\WINDOWS\SYSTEM32\dhcpcsvc.DLL
0x00007ffe7d3f0000 - 0x00007ffe7d4ba000 	C:\WINDOWS\SYSTEM32\DNSAPI.dll

VM Arguments:
jvm_args: -Xmx1536m -Dfile.encoding=windows-1252 -Duser.country=US -Duser.language=en -Duser.variant 
java_command: org.gradle.launcher.daemon.bootstrap.GradleDaemon 5.4.1
java_class_path (initial): C:\Users\Asus\.gradle\wrapper\dists\gradle-5.4.1-all\3221gyojl5jsh0helicew7rwx\gradle-5.4.1\lib\gradle-launcher-5.4.1.jar
Launcher Type: SUN_STANDARD

Environment Variables:
PATH=C:\Program Files (x86)\Intel\Intel(R) Management Engine Components\iCLS\;C:\Program Files\Intel\Intel(R) Management Engine Components\iCLS\;C:\Windows\system32;C:\Windows;C:\Windows\System32\Wbem;C:\Windows\System32\WindowsPowerShell\v1.0\;C:\Windows\System32\OpenSSH\;C:\Program Files (x86)\Intel\Intel(R) Management Engine Components\DAL;C:\Program Files\Intel\Intel(R) Management Engine Components\DAL;C:\Program Files (x86)\Intel\Intel(R) Management Engine Components\IPT;C:\Program Files\Intel\Intel(R) Management Engine Components\IPT;C:\Program Files\Java\jdk-12.0.1\bin;C:\Program Files\NVIDIA Corporation\NVIDIA NvDLISR;C:\Program Files (x86)\NVIDIA Corporation\PhysX\Common;C:\Program Files\nodejs\;C:\xampp\php;C:\Program Files\MATLAB\R2017b\runtime\win64;C:\Program Files\MATLAB\R2017b\bin;%SystemRoot%\system32;%SystemRoot%;%SystemRoot%\System32\Wbem;%SYSTEMROOT%\System32\WindowsPowerShell\v1.0\;%SYSTEMROOT%\System32\OpenSSH\;C:\Users\Asus\AppData\Local\Programs\Python\Python37-32\Scripts\;C:\Users\Asus\AppData\Local\Programs\Python\Python37-32\;C:\Users\Asus\AppData\Local\Microsoft\WindowsApps;C:\Users\Asus\AppData\Local\Programs\Microsoft VS Code\bin;C:\Users\Asus\AppData\Roaming\npm;C:\Users\Asus\AppData\Local\GitHubDesktop\bin
USERNAME=Asus
OS=Windows_NT
PROCESSOR_IDENTIFIER=Intel64 Family 6 Model 142 Stepping 10, GenuineIntel



---------------  S Y S T E M  ---------------

OS: Windows 10.0 , 64 bit Build 18362 (10.0.18362.329)

CPU:total 8 (initial active 8) (4 cores per cpu, 2 threads per core) family 6 model 142 stepping 10, cmov, cx8, fxsr, mmx, sse, sse2, sse3, ssse3, sse4.1, sse4.2, popcnt, avx, avx2, aes, clmul, erms, 3dnowpref, lzcnt, ht, tsc, tscinvbit, bmi1, bmi2, adx

Memory: 4k page, physical 8267560k(803076k free), swap 12461864k(628k free)

vm_info: OpenJDK 64-Bit Server VM (25.202-b03) for windows-amd64 JRE (1.8.0_202-release-1483-b03), built by "builder" with MS VC++ 10.0 (VS2010)

time: Mon Dec 23 19:55:49 2019
timezone: SE Asia Standard Time
elapsed time: 615 seconds (0d 0h 10m 15s)

