#
# There is insufficient memory for the Java Runtime Environment to continue.
# Native memory allocation (malloc) failed to allocate 1893936 bytes for Chunk::new
# Possible reasons:
#   The system is out of physical RAM or swap space
#   The process is running with CompressedOops enabled, and the Java Heap may be blocking the growth of the native heap
# Possible solutions:
#   Reduce memory load on the system
#   Increase physical memory or swap space
#   Check if swap backing store is full
#   Decrease Java heap size (-Xmx/-Xms)
#   Decrease number of Java threads
#   Decrease Java thread stack sizes (-Xss)
#   Set larger code cache with -XX:ReservedCodeCacheSize=
#   JVM is running with Unscaled Compressed Oops mode in which the Java heap is
#     placed in the first 4GB address space. The Java Heap base address is the
#     maximum limit for the native heap growth. Please use -XX:HeapBaseMinAddress
#     to set the Java Heap base and to place the Java Heap above 4GB virtual address.
# This output file may be truncated or incomplete.
#
#  Out of Memory Error (allocation.cpp:389), pid=7372, tid=0x0000000000003200
#
# JRE version: OpenJDK Runtime Environment (8.0_242-b01) (build 1.8.0_242-release-1644-b01)
# Java VM: OpenJDK 64-Bit Server VM (25.242-b01 mixed mode windows-amd64 compressed oops)
# Failed to write core dump. Minidumps are not enabled by default on client versions of Windows
#

---------------  T H R E A D  ---------------

Current thread (0x00000000186d2800):  JavaThread "C2 CompilerThread0" daemon [_thread_in_native, id=12800, stack(0x0000000018fa0000,0x00000000190a0000)]

Stack: [0x0000000018fa0000,0x00000000190a0000]
[error occurred during error reporting (printing stack bounds), id 0xc0000005]

Native frames: (J=compiled Java code, j=interpreted, Vv=VM code, C=native code)


Current CompileTask:
C2: 115293 13659       4       org.objectweb.asm.ClassReader::readCode (5089 bytes)


---------------  P R O C E S S  ---------------

Java Threads: ( => current thread )
  0x0000000023865000 JavaThread "WorkerExecutor Queue Thread 9" [_thread_blocked, id=7088, stack(0x00000000288c0000,0x00000000289c0000)]
  0x0000000023866800 JavaThread "stdout" [_thread_in_native, id=15416, stack(0x0000000029a20000,0x0000000029b20000)]
  0x000000002385d800 JavaThread "stderr" [_thread_in_native, id=9052, stack(0x0000000029920000,0x0000000029a20000)]
  0x0000000023864000 JavaThread "stdout" [_thread_in_native, id=2828, stack(0x0000000029820000,0x0000000029920000)]
  0x0000000023863800 JavaThread "stderr" [_thread_in_native, id=5852, stack(0x0000000029720000,0x0000000029820000)]
  0x0000000023862800 JavaThread "stdout" [_thread_in_native, id=1276, stack(0x0000000029620000,0x0000000029720000)]
  0x0000000023862000 JavaThread "stderr" [_thread_in_native, id=13260, stack(0x0000000029520000,0x0000000029620000)]
  0x000000002385c800 JavaThread "stdout" [_thread_in_native, id=10860, stack(0x0000000029420000,0x0000000029520000)]
  0x0000000023859800 JavaThread "stderr" [_thread_in_native, id=11940, stack(0x0000000029320000,0x0000000029420000)]
  0x0000000023860800 JavaThread "stdout" [_thread_in_native, id=13928, stack(0x0000000029220000,0x0000000029320000)]
  0x000000002385b000 JavaThread "stderr" [_thread_in_native, id=13488, stack(0x0000000029120000,0x0000000029220000)]
  0x000000002385e000 JavaThread "WorkerExecutor Queue Thread 8" [_thread_blocked, id=14452, stack(0x0000000029020000,0x0000000029120000)]
  0x000000002385c000 JavaThread "WorkerExecutor Queue Thread 7" [_thread_blocked, id=13944, stack(0x0000000028f20000,0x0000000029020000)]
  0x0000000023858000 JavaThread "WorkerExecutor Queue Thread 6" [_thread_blocked, id=260, stack(0x0000000028e20000,0x0000000028f20000)]
  0x0000000023859000 JavaThread "WorkerExecutor Queue Thread 5" [_thread_blocked, id=6732, stack(0x0000000028d20000,0x0000000028e20000)]
  0x000000002385a800 JavaThread "WorkerExecutor Queue Thread 4" [_thread_blocked, id=15428, stack(0x0000000028c20000,0x0000000028d20000)]
  0x0000000022343000 JavaThread "WorkerExecutor Queue Thread 2" [_thread_blocked, id=9936, stack(0x00000000283a0000,0x00000000284a0000)]
  0x000000002233d800 JavaThread "stdout" [_thread_in_native, id=5484, stack(0x00000000287c0000,0x00000000288c0000)]
  0x0000000022337000 JavaThread "stderr" [_thread_in_native, id=14000, stack(0x00000000286c0000,0x00000000287c0000)]
  0x000000002233d000 JavaThread "stdout" [_thread_in_native, id=8056, stack(0x00000000285c0000,0x00000000286c0000)]
  0x0000000022335800 JavaThread "stderr" [_thread_in_native, id=5632, stack(0x00000000284c0000,0x00000000285c0000)]
  0x0000000022334800 JavaThread "pool-8-thread-1" [_thread_blocked, id=8836, stack(0x00000000282a0000,0x00000000283a0000)]
  0x000000002233b800 JavaThread "WorkerExecutor Queue" [_thread_blocked, id=3560, stack(0x00000000281a0000,0x00000000282a0000)]
  0x0000000022336000 JavaThread "Cache worker for execution history cache (C:\Users\ASUS\AndroidStudioProjects\Ticketer\.gradle\6.1.1\executionHistory)" [_thread_blocked, id=7688, stack(0x0000000027ea0000,0x0000000027fa0000)]
  0x0000000022339000 JavaThread "Execution worker for ':' Thread 7" [_thread_blocked, id=9880, stack(0x0000000027ca0000,0x0000000027da0000)]
  0x000000002233a800 JavaThread "Execution worker for ':' Thread 6" [_thread_blocked, id=6992, stack(0x0000000027ba0000,0x0000000027ca0000)]
  0x0000000022338800 JavaThread "Execution worker for ':' Thread 5" [_thread_blocked, id=10324, stack(0x0000000027aa0000,0x0000000027ba0000)]
  0x0000000019f10800 JavaThread "Execution worker for ':' Thread 4" [_thread_blocked, id=10168, stack(0x00000000279a0000,0x0000000027aa0000)]
  0x0000000019f0f800 JavaThread "Execution worker for ':' Thread 3" [_thread_blocked, id=3152, stack(0x00000000278a0000,0x00000000279a0000)]
  0x0000000019f12800 JavaThread "Execution worker for ':' Thread 2" [_thread_blocked, id=8692, stack(0x00000000277a0000,0x00000000278a0000)]
  0x0000000019f11000 JavaThread "Execution worker for ':'" [_thread_in_Java, id=11268, stack(0x00000000276a0000,0x00000000277a0000)]
  0x0000000019f0f000 JavaThread "Cache worker for file content cache (C:\Users\ASUS\AndroidStudioProjects\Ticketer\.gradle\6.1.1\fileContent)" [_thread_blocked, id=2580, stack(0x00000000275a0000,0x00000000276a0000)]
  0x0000000019f0e000 JavaThread "Cache worker for file content cache (C:\Users\ASUS\.gradle\caches\6.1.1\fileContent)" [_thread_blocked, id=13792, stack(0x00000000274a0000,0x00000000275a0000)]
  0x0000000019f12000 JavaThread "Memory manager" [_thread_blocked, id=2464, stack(0x00000000273a0000,0x00000000274a0000)]
  0x0000000019f0d800 JavaThread "Cache worker for Build Output Cleanup Cache (C:\Users\ASUS\AndroidStudioProjects\Ticketer\.gradle\buildOutputCleanup)" [_thread_blocked, id=3540, stack(0x00000000272a0000,0x00000000273a0000)]
  0x000000001af3f800 JavaThread "pool-3-thread-1" [_thread_blocked, id=14944, stack(0x00000000271a0000,0x00000000272a0000)]
  0x000000001af45800 JavaThread "Build operations Thread 8" [_thread_blocked, id=2024, stack(0x00000000270a0000,0x00000000271a0000)]
  0x000000001af44000 JavaThread "Build operations Thread 7" [_thread_blocked, id=15624, stack(0x0000000026fa0000,0x00000000270a0000)]
  0x000000001af43800 JavaThread "Build operations Thread 6" [_thread_blocked, id=14836, stack(0x00000000250e0000,0x00000000251e0000)]
  0x000000001af40800 JavaThread "Build operations Thread 5" [_thread_blocked, id=2296, stack(0x0000000024de0000,0x0000000024ee0000)]
  0x000000001dce9000 JavaThread "Build operations Thread 4" [_thread_blocked, id=10688, stack(0x00000000248e0000,0x00000000249e0000)]
  0x000000001dce0800 JavaThread "Build operations Thread 3" [_thread_blocked, id=13576, stack(0x00000000247e0000,0x00000000248e0000)]
  0x000000001dce6000 JavaThread "Build operations Thread 2" [_thread_blocked, id=6128, stack(0x00000000246e0000,0x00000000247e0000)]
  0x000000001dce5000 JavaThread "Build operations" [_thread_blocked, id=7444, stack(0x00000000245e0000,0x00000000246e0000)]
  0x000000001dce2800 JavaThread "Cache worker for cache directory md-rule (C:\Users\ASUS\.gradle\caches\6.1.1\md-rule)" [_thread_blocked, id=7048, stack(0x00000000244e0000,0x00000000245e0000)]
  0x000000001dce7800 JavaThread "Cache worker for cache directory md-supplier (C:\Users\ASUS\.gradle\caches\6.1.1\md-supplier)" [_thread_blocked, id=3500, stack(0x00000000231e0000,0x00000000232e0000)]
  0x000000001dcdc000 JavaThread "Cache worker for file hash cache (C:\Users\ASUS\AndroidStudioProjects\Ticketer\.gradle\6.1.1\fileHashes)" [_thread_blocked, id=16568, stack(0x000000001fdf0000,0x000000001fef0000)]
  0x000000001dcdb000 JavaThread "Cache worker for checksums cache (C:\Users\ASUS\AndroidStudioProjects\Ticketer\.gradle\checksums)" [_thread_blocked, id=8464, stack(0x000000001fb60000,0x000000001fc60000)]
  0x000000001dcdf800 JavaThread "Thread-31" [_thread_blocked, id=4788, stack(0x000000001fa60000,0x000000001fb60000)]
  0x000000001dcde000 JavaThread "Stdin handler" [_thread_blocked, id=5560, stack(0x000000001f960000,0x000000001fa60000)]
  0x000000001dce2000 JavaThread "Asynchronous log dispatcher for DefaultDaemonConnection: socket connection from /127.0.0.1:61286 to /127.0.0.1:61316" [_thread_blocked, id=11716, stack(0x000000001ccc0000,0x000000001cdc0000)]
  0x000000001dce1000 JavaThread "Daemon worker Thread 2" [_thread_blocked, id=10624, stack(0x000000001cbc0000,0x000000001ccc0000)]
  0x000000001dcda800 JavaThread "Cancel handler" [_thread_blocked, id=3000, stack(0x0000000000ea0000,0x0000000000fa0000)]
  0x000000001dcd9800 JavaThread "Handler for socket connection from /127.0.0.1:61286 to /127.0.0.1:61316" [_thread_in_native, id=7804, stack(0x0000000000da0000,0x0000000000ea0000)]
  0x000000001af45000 JavaThread "Cache worker for execution history cache (C:\Users\ASUS\.gradle\caches\6.1.1\executionHistory)" [_thread_blocked, id=10256, stack(0x000000001fcf0000,0x000000001fdf0000)]
  0x000000001af42800 JavaThread "Cache worker for file hash cache (C:\Users\ASUS\.gradle\caches\6.1.1\fileHashes)" [_thread_blocked, id=5644, stack(0x000000001d4c0000,0x000000001d5c0000)]
  0x000000001af42000 JavaThread "File lock request listener" [_thread_in_native, id=8256, stack(0x000000001d3c0000,0x000000001d4c0000)]
  0x000000001afb9800 JavaThread "Cache worker for journal cache (C:\Users\ASUS\.gradle\caches\journal-1)" [_thread_blocked, id=5832, stack(0x000000001d2c0000,0x000000001d3c0000)]
  0x000000001ae8d800 JavaThread "Daemon" [_thread_blocked, id=10396, stack(0x000000001c6c0000,0x000000001c7c0000)]
  0x000000001ae6d800 JavaThread "Daemon periodic checks" [_thread_blocked, id=8620, stack(0x000000001c5c0000,0x000000001c6c0000)]
  0x000000001ae1f800 JavaThread "Incoming local TCP Connector on port 61286" [_thread_in_native, id=7924, stack(0x000000001c380000,0x000000001c480000)]
  0x000000001ad6e000 JavaThread "Daemon health stats" [_thread_blocked, id=2512, stack(0x000000001bd40000,0x000000001be40000)]
  0x000000001876b800 JavaThread "Service Thread" daemon [_thread_blocked, id=13952, stack(0x00000000193a0000,0x00000000194a0000)]
  0x0000000018701800 JavaThread "C1 CompilerThread3" daemon [_thread_blocked, id=908, stack(0x00000000192a0000,0x00000000193a0000)]
  0x00000000186e5800 JavaThread "C2 CompilerThread2" daemon [_thread_in_native, id=3676, stack(0x00000000191a0000,0x00000000192a0000)]
  0x00000000186d9000 JavaThread "C2 CompilerThread1" daemon [_thread_in_native, id=11704, stack(0x00000000190a0000,0x00000000191a0000)]
=>0x00000000186d2800 JavaThread "C2 CompilerThread0" daemon [_thread_in_native, id=12800, stack(0x0000000018fa0000,0x00000000190a0000)]
  0x00000000186d0800 JavaThread "Attach Listener" daemon [_thread_blocked, id=8064, stack(0x0000000018ea0000,0x0000000018fa0000)]
  0x00000000168ce800 JavaThread "Signal Dispatcher" daemon [_thread_blocked, id=16364, stack(0x0000000018da0000,0x0000000018ea0000)]
  0x00000000186c1000 JavaThread "Finalizer" daemon [_thread_blocked, id=2420, stack(0x0000000018ba0000,0x0000000018ca0000)]
  0x00000000186c0800 JavaThread "Reference Handler" daemon [_thread_blocked, id=8024, stack(0x0000000018aa0000,0x0000000018ba0000)]
  0x0000000002afe000 JavaThread "main" [_thread_blocked, id=9104, stack(0x0000000002870000,0x0000000002970000)]

Other Threads:
  0x00000000168b8000 VMThread [stack: 0x00000000185a0000,0x00000000186a0000] [id=13876]
  0x000000001876c800 WatcherThread [stack: 0x00000000194a0000,0x00000000195a0000] [id=7824]

VM state:not at safepoint (normal execution)

VM Mutex/Monitor currently owned by a thread: None

heap address: 0x00000000a0000000, size: 1536 MB, Compressed Oops mode: 32-bit
Narrow klass base: 0x0000000000000000, Narrow klass shift: 3
Compressed class space size: 1073741824 Address: 0x0000000100000000

Heap:
 PSYoungGen      total 204288K, used 49450K [0x00000000e0000000, 0x00000000ef500000, 0x0000000100000000)
  eden space 175616K, 15% used [0x00000000e0000000,0x00000000e19e9e78,0x00000000eab80000)
  from space 28672K, 79% used [0x00000000eab80000,0x00000000ec1e0a70,0x00000000ec780000)
  to   space 30720K, 0% used [0x00000000ed700000,0x00000000ed700000,0x00000000ef500000)
 ParOldGen       total 152576K, used 59261K [0x00000000a0000000, 0x00000000a9500000, 0x00000000e0000000)
  object space 152576K, 38% used [0x00000000a0000000,0x00000000a39df738,0x00000000a9500000)
 Metaspace       used 90125K, capacity 94342K, committed 94552K, reserved 1130496K
  class space    used 11756K, capacity 12596K, committed 12672K, reserved 1048576K

Card table byte_map: [0x0000000011ec0000,0x00000000121d0000] byte_map_base: 0x00000000119c0000

Marking Bits: (ParMarkBitMap*) 0x00000000620af030
 Begin Bits: [0x0000000012bd0000, 0x00000000143d0000)
 End Bits:   [0x00000000143d0000, 0x0000000015bd0000)

Polling page: 0x0000000001030000

CodeCache: size=245760Kb used=39754Kb max_used=39760Kb free=206005Kb
 bounds [0x0000000002b00000, 0x0000000005200000, 0x0000000011b00000]
 total_blobs=12935 nmethods=12036 adapters=811
 compilation: enabled

Compilation events (10 events):
Event: 115.211 Thread 0x0000000018701800 nmethod 13715 0x00000000051e4890 code [0x00000000051e4a00, 0x00000000051e4c68]
Event: 115.224 Thread 0x00000000186e5800 13716       4       org.objectweb.asm.MethodVisitor::visitMethodInsn (80 bytes)
Event: 115.226 Thread 0x00000000186e5800 nmethod 13716 0x00000000051e2310 code [0x00000000051e2440, 0x00000000051e2518]
Event: 115.244 Thread 0x00000000186d9000 13717       4       org.gradle.api.internal.tasks.compile.ApiMemberSelector::visitAnnotationMembers (90 bytes)
Event: 115.274 Thread 0x00000000186e5800 13718       4       org.objectweb.asm.MethodVisitor::visitFieldInsn (20 bytes)
Event: 115.276 Thread 0x00000000186e5800 nmethod 13718 0x000000000517fc90 code [0x000000000517fdc0, 0x000000000517fe58]
Event: 115.286 Thread 0x00000000186e5800 13719 %     4       org.objectweb.asm.ClassReader::<init> @ 110 (371 bytes)
Event: 115.288 Thread 0x0000000018701800 13720       3       org.objectweb.asm.MethodVisitor::visitIntInsn (17 bytes)
Event: 115.289 Thread 0x0000000018701800 nmethod 13720 0x00000000051e43d0 code [0x00000000051e4540, 0x00000000051e47a8]
Event: 115.290 Thread 0x0000000018701800 13721       3       com.google.common.io.ByteStreams::toByteArrayInternal (119 bytes)

GC Heap History (10 events):
Event: 22.004 GC heap before
{Heap before GC invocations=16 (full 3):
 PSYoungGen      total 156672K, used 140800K [0x00000000e0000000, 0x00000000ebf80000, 0x0000000100000000)
  eden space 140800K, 100% used [0x00000000e0000000,0x00000000e8980000,0x00000000e8980000)
  from space 15872K, 0% used [0x00000000e9b00000,0x00000000e9b00000,0x00000000eaa80000)
  to   space 17920K, 0% used [0x00000000e8980000,0x00000000e8980000,0x00000000e9b00000)
 ParOldGen       total 152576K, used 32836K [0x00000000a0000000, 0x00000000a9500000, 0x00000000e0000000)
  object space 152576K, 21% used [0x00000000a0000000,0x00000000a2011170,0x00000000a9500000)
 Metaspace       used 63183K, capacity 65444K, committed 65624K, reserved 1105920K
  class space    used 8568K, capacity 9039K, committed 9088K, reserved 1048576K
Event: 22.023 GC heap after
Heap after GC invocations=16 (full 3):
 PSYoungGen      total 158720K, used 10608K [0x00000000e0000000, 0x00000000ec100000, 0x0000000100000000)
  eden space 140800K, 0% used [0x00000000e0000000,0x00000000e0000000,0x00000000e8980000)
  from space 17920K, 59% used [0x00000000e8980000,0x00000000e93dc330,0x00000000e9b00000)
  to   space 17408K, 0% used [0x00000000eb000000,0x00000000eb000000,0x00000000ec100000)
 ParOldGen       total 152576K, used 32844K [0x00000000a0000000, 0x00000000a9500000, 0x00000000e0000000)
  object space 152576K, 21% used [0x00000000a0000000,0x00000000a2013170,0x00000000a9500000)
 Metaspace       used 63183K, capacity 65444K, committed 65624K, reserved 1105920K
  class space    used 8568K, capacity 9039K, committed 9088K, reserved 1048576K
}
Event: 25.577 GC heap before
{Heap before GC invocations=17 (full 3):
 PSYoungGen      total 158720K, used 151408K [0x00000000e0000000, 0x00000000ec100000, 0x0000000100000000)
  eden space 140800K, 100% used [0x00000000e0000000,0x00000000e8980000,0x00000000e8980000)
  from space 17920K, 59% used [0x00000000e8980000,0x00000000e93dc330,0x00000000e9b00000)
  to   space 17408K, 0% used [0x00000000eb000000,0x00000000eb000000,0x00000000ec100000)
 ParOldGen       total 152576K, used 32844K [0x00000000a0000000, 0x00000000a9500000, 0x00000000e0000000)
  object space 152576K, 21% used [0x00000000a0000000,0x00000000a2013170,0x00000000a9500000)
 Metaspace       used 73909K, capacity 76524K, committed 76888K, reserved 1116160K
  class space    used 9998K, capacity 10533K, committed 10624K, reserved 1048576K
Event: 25.607 GC heap after
Heap after GC invocations=17 (full 3):
 PSYoungGen      total 176128K, used 17394K [0x00000000e0000000, 0x00000000ec780000, 0x0000000100000000)
  eden space 158720K, 0% used [0x00000000e0000000,0x00000000e0000000,0x00000000e9b00000)
  from space 17408K, 99% used [0x00000000eb000000,0x00000000ec0fc9c0,0x00000000ec100000)
  to   space 21504K, 0% used [0x00000000e9b00000,0x00000000e9b00000,0x00000000eb000000)
 ParOldGen       total 152576K, used 38276K [0x00000000a0000000, 0x00000000a9500000, 0x00000000e0000000)
  object space 152576K, 25% used [0x00000000a0000000,0x00000000a2561348,0x00000000a9500000)
 Metaspace       used 73909K, capacity 76524K, committed 76888K, reserved 1116160K
  class space    used 9998K, capacity 10533K, committed 10624K, reserved 1048576K
}
Event: 91.233 GC heap before
{Heap before GC invocations=18 (full 3):
 PSYoungGen      total 176128K, used 176114K [0x00000000e0000000, 0x00000000ec780000, 0x0000000100000000)
  eden space 158720K, 100% used [0x00000000e0000000,0x00000000e9b00000,0x00000000e9b00000)
  from space 17408K, 99% used [0x00000000eb000000,0x00000000ec0fc9c0,0x00000000ec100000)
  to   space 21504K, 0% used [0x00000000e9b00000,0x00000000e9b00000,0x00000000eb000000)
 ParOldGen       total 152576K, used 38276K [0x00000000a0000000, 0x00000000a9500000, 0x00000000e0000000)
  object space 152576K, 25% used [0x00000000a0000000,0x00000000a2561348,0x00000000a9500000)
 Metaspace       used 81679K, capacity 85460K, committed 85592K, reserved 1124352K
  class space    used 10796K, capacity 11533K, committed 11648K, reserved 1048576K
Event: 91.278 GC heap after
Heap after GC invocations=18 (full 3):
 PSYoungGen      total 180224K, used 21499K [0x00000000e0000000, 0x00000000ee180000, 0x0000000100000000)
  eden space 158720K, 0% used [0x00000000e0000000,0x00000000e0000000,0x00000000e9b00000)
  from space 21504K, 99% used [0x00000000e9b00000,0x00000000eaffef48,0x00000000eb000000)
  to   space 26624K, 0% used [0x00000000ec780000,0x00000000ec780000,0x00000000ee180000)
 ParOldGen       total 152576K, used 44326K [0x00000000a0000000, 0x00000000a9500000, 0x00000000e0000000)
  object space 152576K, 29% used [0x00000000a0000000,0x00000000a2b49880,0x00000000a9500000)
 Metaspace       used 81679K, capacity 85460K, committed 85592K, reserved 1124352K
  class space    used 10796K, capacity 11533K, committed 11648K, reserved 1048576K
}
Event: 97.898 GC heap before
{Heap before GC invocations=19 (full 3):
 PSYoungGen      total 180224K, used 180219K [0x00000000e0000000, 0x00000000ee180000, 0x0000000100000000)
  eden space 158720K, 100% used [0x00000000e0000000,0x00000000e9b00000,0x00000000e9b00000)
  from space 21504K, 99% used [0x00000000e9b00000,0x00000000eaffef48,0x00000000eb000000)
  to   space 26624K, 0% used [0x00000000ec780000,0x00000000ec780000,0x00000000ee180000)
 ParOldGen       total 152576K, used 44326K [0x00000000a0000000, 0x00000000a9500000, 0x00000000e0000000)
  object space 152576K, 29% used [0x00000000a0000000,0x00000000a2b49880,0x00000000a9500000)
 Metaspace       used 85656K, capacity 89754K, committed 89944K, reserved 1126400K
  class space    used 11253K, capacity 12052K, committed 12160K, reserved 1048576K
Event: 97.973 GC heap after
Heap after GC invocations=19 (full 3):
 PSYoungGen      total 202240K, used 21136K [0x00000000e0000000, 0x00000000ee680000, 0x0000000100000000)
  eden space 175616K, 0% used [0x00000000e0000000,0x00000000e0000000,0x00000000eab80000)
  from space 26624K, 79% used [0x00000000ec780000,0x00000000edc242b8,0x00000000ee180000)
  to   space 28672K, 0% used [0x00000000eab80000,0x00000000eab80000,0x00000000ec780000)
 ParOldGen       total 152576K, used 59253K [0x00000000a0000000, 0x00000000a9500000, 0x00000000e0000000)
  object space 152576K, 38% used [0x00000000a0000000,0x00000000a39dd738,0x00000000a9500000)
 Metaspace       used 85656K, capacity 89754K, committed 89944K, reserved 1126400K
  class space    used 11253K, capacity 12052K, committed 12160K, reserved 1048576K
}
Event: 111.329 GC heap before
{Heap before GC invocations=20 (full 3):
 PSYoungGen      total 202240K, used 196752K [0x00000000e0000000, 0x00000000ee680000, 0x0000000100000000)
  eden space 175616K, 100% used [0x00000000e0000000,0x00000000eab80000,0x00000000eab80000)
  from space 26624K, 79% used [0x00000000ec780000,0x00000000edc242b8,0x00000000ee180000)
  to   space 28672K, 0% used [0x00000000eab80000,0x00000000eab80000,0x00000000ec780000)
 ParOldGen       total 152576K, used 59253K [0x00000000a0000000, 0x00000000a9500000, 0x00000000e0000000)
  object space 152576K, 38% used [0x00000000a0000000,0x00000000a39dd738,0x00000000a9500000)
 Metaspace       used 89906K, capacity 94118K, committed 94296K, reserved 1130496K
  class space    used 11735K, capacity 12564K, committed 12672K, reserved 1048576K
Event: 111.397 GC heap after
Heap after GC invocations=20 (full 3):
 PSYoungGen      total 204288K, used 22914K [0x00000000e0000000, 0x00000000ef500000, 0x0000000100000000)
  eden space 175616K, 0% used [0x00000000e0000000,0x00000000e0000000,0x00000000eab80000)
  from space 28672K, 79% used [0x00000000eab80000,0x00000000ec1e0a70,0x00000000ec780000)
  to   space 30720K, 0% used [0x00000000ed700000,0x00000000ed700000,0x00000000ef500000)
 ParOldGen       total 152576K, used 59261K [0x00000000a0000000, 0x00000000a9500000, 0x00000000e0000000)
  object space 152576K, 38% used [0x00000000a0000000,0x00000000a39df738,0x00000000a9500000)
 Metaspace       used 89906K, capacity 94118K, committed 94296K, reserved 1130496K
  class space    used 11735K, capacity 12564K, committed 12672K, reserved 1048576K
}

Deoptimization events (10 events):
Event: 114.591 Thread 0x0000000019f11000 Uncommon trap: reason=unstable_if action=reinterpret pc=0x0000000003e1d33c method=org.objectweb.asm.MethodWriter.computeMethodInfoSize()I @ 451
Event: 114.591 Thread 0x0000000019f11000 Uncommon trap: reason=unstable_if action=reinterpret pc=0x00000000036107b0 method=org.objectweb.asm.MethodWriter.putMethodInfo(Lorg/objectweb/asm/ByteVector;)V @ 190
Event: 114.597 Thread 0x0000000019f11000 Uncommon trap: reason=unstable_if action=reinterpret pc=0x000000000517fb18 method=org.gradle.api.internal.tasks.compile.ApiMemberSelector.isCandidateApiMember(IZ)Z @ 22
Event: 114.598 Thread 0x0000000019f11000 Uncommon trap: reason=unstable_if action=reinterpret pc=0x000000000517a3d4 method=org.gradle.api.internal.tasks.compile.ApiMemberSelector.visitAnnotationMembers(Lorg/objectweb/asm/FieldVisitor;Ljava/util/Set;)V @ 13
Event: 114.598 Thread 0x0000000019f11000 Uncommon trap: reason=unstable_if action=reinterpret pc=0x0000000005155b04 method=org.objectweb.asm.FieldWriter.putFieldInfo(Lorg/objectweb/asm/ByteVector;)V @ 105
Event: 114.622 Thread 0x0000000019f11000 Uncommon trap: reason=unstable_if action=reinterpret pc=0x0000000005144e84 method=org.gradle.api.internal.tasks.compile.AnnotatableMember.compare(Lorg/gradle/api/internal/tasks/compile/AnnotatableMember;)Lcom/google/common/collect/ComparisonChain; @ 9
Event: 114.622 Thread 0x0000000019f11000 Uncommon trap: reason=unstable_if action=reinterpret pc=0x000000000514cda4 method=org.gradle.api.internal.tasks.compile.AnnotatableMember.compare(Lorg/gradle/api/internal/tasks/compile/AnnotatableMember;)Lcom/google/common/collect/ComparisonChain; @ 9
Event: 114.629 Thread 0x0000000019f11000 Uncommon trap: reason=unstable_if action=reinterpret pc=0x000000000514c274 method=org.gradle.api.internal.tasks.compile.AnnotatableMember.compare(Lorg/gradle/api/internal/tasks/compile/AnnotatableMember;)Lcom/google/common/collect/ComparisonChain; @ 9
Event: 114.705 Thread 0x0000000019f11000 Uncommon trap: reason=unstable_if action=reinterpret pc=0x00000000051b06b0 method=org.objectweb.asm.Type.getArgumentsAndReturnSizes(Ljava/lang/String;)I @ 25
Event: 114.763 Thread 0x0000000019f11000 Uncommon trap: reason=unstable_if action=reinterpret pc=0x00000000051b7038 method=org.objectweb.asm.MethodWriter.<init>(Lorg/objectweb/asm/SymbolTable;ILjava/lang/String;Ljava/lang/String;Ljava/lang/String;[Ljava/lang/String;I)V @ 100

Classes redefined (0 events):
No events

Internal exceptions (10 events):
Event: 101.273 Thread 0x0000000019f11000 Exception <a 'sun/nio/fs/WindowsException'> (0x00000000e64e3b00) thrown at [C:\src\AOSP-openjdk-git\hotspot\src\share\vm\prims\jni.cpp, line 710]
Event: 101.273 Thread 0x0000000019f11000 Exception <a 'sun/nio/fs/WindowsException'> (0x00000000e64e4628) thrown at [C:\src\AOSP-openjdk-git\hotspot\src\share\vm\prims\jni.cpp, line 710]
Event: 101.274 Thread 0x0000000019f11000 Exception <a 'sun/nio/fs/WindowsException'> (0x00000000e64e5690) thrown at [C:\src\AOSP-openjdk-git\hotspot\src\share\vm\prims\jni.cpp, line 710]
Event: 102.472 Thread 0x0000000019f11000 Exception <a 'java/lang/NoSuchMethodError': <clinit>> (0x00000000e94c29f8) thrown at [C:\src\AOSP-openjdk-git\hotspot\src\share\vm\prims\jni.cpp, line 1615]
Event: 102.475 Thread 0x0000000019f11000 Exception <a 'java/lang/NoSuchMethodError': <clinit>> (0x00000000e94df9c0) thrown at [C:\src\AOSP-openjdk-git\hotspot\src\share\vm\prims\jni.cpp, line 1615]
Event: 102.479 Thread 0x0000000019f11000 Exception <a 'java/lang/NoSuchMethodError': <clinit>> (0x00000000e95018c8) thrown at [C:\src\AOSP-openjdk-git\hotspot\src\share\vm\prims\jni.cpp, line 1615]
Event: 102.485 Thread 0x0000000019f11000 Exception <a 'java/lang/NoSuchMethodError': <clinit>> (0x00000000e9542360) thrown at [C:\src\AOSP-openjdk-git\hotspot\src\share\vm\prims\jni.cpp, line 1615]
Event: 111.018 Thread 0x0000000023858000 Exception <a 'sun/nio/fs/WindowsException'> (0x00000000ea1b1df8) thrown at [C:\src\AOSP-openjdk-git\hotspot\src\share\vm\prims\jni.cpp, line 710]
Event: 111.034 Thread 0x0000000023858000 Exception <a 'sun/nio/fs/WindowsException'> (0x00000000ea1c9fd0) thrown at [C:\src\AOSP-openjdk-git\hotspot\src\share\vm\prims\jni.cpp, line 710]
Event: 111.036 Thread 0x0000000023858000 Exception <a 'sun/nio/fs/WindowsException'> (0x00000000ea1ca478) thrown at [C:\src\AOSP-openjdk-git\hotspot\src\share\vm\prims\jni.cpp, line 710]

Events (10 events):
Event: 114.622 Thread 0x0000000019f11000 DEOPT UNPACKING pc=0x0000000002b4557b sp=0x000000002779c190 mode 2
Event: 114.629 Thread 0x0000000019f11000 Uncommon trap: trap_request=0xffffff65 fr.pc=0x000000000514c274
Event: 114.629 Thread 0x0000000019f11000 DEOPT PACKING pc=0x000000000514c274 sp=0x000000002779c200
Event: 114.629 Thread 0x0000000019f11000 DEOPT UNPACKING pc=0x0000000002b4557b sp=0x000000002779c0a0 mode 2
Event: 114.705 Thread 0x0000000019f11000 Uncommon trap: trap_request=0xffffff65 fr.pc=0x00000000051b06b0
Event: 114.706 Thread 0x0000000019f11000 DEOPT PACKING pc=0x00000000051b06b0 sp=0x000000002779c3e0
Event: 114.716 Thread 0x0000000019f11000 DEOPT UNPACKING pc=0x0000000002b4557b sp=0x000000002779c280 mode 2
Event: 114.760 Thread 0x0000000019f11000 Uncommon trap: trap_request=0xffffff65 fr.pc=0x00000000051b7038
Event: 114.763 Thread 0x0000000019f11000 DEOPT PACKING pc=0x00000000051b7038 sp=0x000000002779c380
Event: 114.763 Thread 0x0000000019f11000 DEOPT UNPACKING pc=0x0000000002b4557b sp=0x000000002779c310 mode 2


Dynamic libraries:
0x00007ff7d8a40000 - 0x00007ff7d8a71000 	C:\Program Files\Android\Android Studio\jre\bin\java.exe
0x00007ffea4d30000 - 0x00007ffea4f26000 	C:\WINDOWS\SYSTEM32\ntdll.dll
0x00007ffea2ee0000 - 0x00007ffea2f9d000 	C:\WINDOWS\System32\KERNEL32.DLL
0x00007ffea28a0000 - 0x00007ffea2b69000 	C:\WINDOWS\System32\KERNELBASE.dll
0x00007ffea3c60000 - 0x00007ffea3d0c000 	C:\WINDOWS\System32\ADVAPI32.dll
0x00007ffea3460000 - 0x00007ffea34fe000 	C:\WINDOWS\System32\msvcrt.dll
0x00007ffea2e10000 - 0x00007ffea2eac000 	C:\WINDOWS\System32\sechost.dll
0x00007ffea3ac0000 - 0x00007ffea3beb000 	C:\WINDOWS\System32\RPCRT4.dll
0x00007ffea3160000 - 0x00007ffea3300000 	C:\WINDOWS\System32\USER32.dll
0x00007ffea2b70000 - 0x00007ffea2b92000 	C:\WINDOWS\System32\win32u.dll
0x00007ffea3c30000 - 0x00007ffea3c5a000 	C:\WINDOWS\System32\GDI32.dll
0x00007ffea2c00000 - 0x00007ffea2d0b000 	C:\WINDOWS\System32\gdi32full.dll
0x00007ffea25d0000 - 0x00007ffea266d000 	C:\WINDOWS\System32\msvcp_win.dll
0x00007ffea26a0000 - 0x00007ffea27a0000 	C:\WINDOWS\System32\ucrtbase.dll
0x00007ffe8c8d0000 - 0x00007ffe8cb6b000 	C:\WINDOWS\WinSxS\amd64_microsoft.windows.common-controls_6595b64144ccf1df_6.0.19041.746_none_ca02b4b61b8320a4\COMCTL32.dll
0x00007ffea3bf0000 - 0x00007ffea3c20000 	C:\WINDOWS\System32\IMM32.DLL
0x0000000061800000 - 0x00000000618d2000 	C:\Program Files\Android\Android Studio\jre\jre\bin\msvcr100.dll
0x00000000618e0000 - 0x000000006212b000 	C:\Program Files\Android\Android Studio\jre\jre\bin\server\jvm.dll
0x00007ffea2eb0000 - 0x00007ffea2eb8000 	C:\WINDOWS\System32\PSAPI.DLL
0x00007ffe9df70000 - 0x00007ffe9df79000 	C:\WINDOWS\SYSTEM32\WSOCK32.dll
0x00007ffea3980000 - 0x00007ffea39eb000 	C:\WINDOWS\System32\WS2_32.dll
0x00007ffe89f30000 - 0x00007ffe89f57000 	C:\WINDOWS\SYSTEM32\WINMM.dll
0x00007ffe9c210000 - 0x00007ffe9c21a000 	C:\WINDOWS\SYSTEM32\VERSION.dll
0x00007ffe9ddb0000 - 0x00007ffe9ddbf000 	C:\Program Files\Android\Android Studio\jre\jre\bin\verify.dll
0x00007ffe9abb0000 - 0x00007ffe9abd9000 	C:\Program Files\Android\Android Studio\jre\jre\bin\java.dll
0x00007ffe9c940000 - 0x00007ffe9c956000 	C:\Program Files\Android\Android Studio\jre\jre\bin\zip.dll
0x00007ffea3d10000 - 0x00007ffea4452000 	C:\WINDOWS\System32\SHELL32.dll
0x00007ffea0200000 - 0x00007ffea0990000 	C:\WINDOWS\SYSTEM32\windows.storage.dll
0x00007ffea3620000 - 0x00007ffea3976000 	C:\WINDOWS\System32\combase.dll
0x00007ffea1ed0000 - 0x00007ffea1efc000 	C:\WINDOWS\SYSTEM32\Wldp.dll
0x00007ffea3300000 - 0x00007ffea33ae000 	C:\WINDOWS\System32\SHCORE.dll
0x00007ffea39f0000 - 0x00007ffea3a45000 	C:\WINDOWS\System32\shlwapi.dll
0x00007ffea23a0000 - 0x00007ffea23c6000 	C:\WINDOWS\SYSTEM32\profapi.dll
0x00007ffe9ac80000 - 0x00007ffe9ac9a000 	C:\Program Files\Android\Android Studio\jre\jre\bin\net.dll
0x00007ffea1c50000 - 0x00007ffea1cba000 	C:\WINDOWS\system32\mswsock.dll
0x00007ffe9ab90000 - 0x00007ffe9aba3000 	C:\Program Files\Android\Android Studio\jre\jre\bin\nio.dll
0x00007ffe8a130000 - 0x00007ffe8a156000 	C:\Users\ASUS\.gradle\native\31\windows-amd64\native-platform.dll
0x00007ffe9dcf0000 - 0x00007ffe9dcfd000 	C:\Program Files\Android\Android Studio\jre\jre\bin\management.dll
0x00007ffea1e20000 - 0x00007ffea1e38000 	C:\WINDOWS\SYSTEM32\CRYPTSP.dll
0x00007ffea1580000 - 0x00007ffea15b4000 	C:\WINDOWS\system32\rsaenh.dll
0x00007ffea2670000 - 0x00007ffea2697000 	C:\WINDOWS\System32\bcrypt.dll
0x00007ffea2360000 - 0x00007ffea238e000 	C:\WINDOWS\SYSTEM32\USERENV.dll
0x00007ffea2d10000 - 0x00007ffea2d90000 	C:\WINDOWS\System32\bcryptprimitives.dll
0x00007ffea1e40000 - 0x00007ffea1e4c000 	C:\WINDOWS\SYSTEM32\CRYPTBASE.dll
0x00007ffea18f0000 - 0x00007ffea192b000 	C:\WINDOWS\SYSTEM32\IPHLPAPI.DLL
0x00007ffea3c20000 - 0x00007ffea3c28000 	C:\WINDOWS\System32\NSI.dll
0x00007ffe99ec0000 - 0x00007ffe99ed7000 	C:\WINDOWS\SYSTEM32\dhcpcsvc6.DLL
0x00007ffe9b730000 - 0x00007ffe9b74d000 	C:\WINDOWS\SYSTEM32\dhcpcsvc.DLL
0x00007ffea1930000 - 0x00007ffea19fb000 	C:\WINDOWS\SYSTEM32\DNSAPI.dll
0x00007ffe9ab00000 - 0x00007ffe9ab24000 	C:\Program Files\Android\Android Studio\jre\jre\bin\sunec.dll
0x00007ffe94180000 - 0x00007ffe9418a000 	C:\Windows\System32\rasadhlp.dll
0x00007ffe91580000 - 0x00007ffe915ff000 	C:\WINDOWS\System32\fwpuclnt.dll
0x00007ffe9ce80000 - 0x00007ffe9ce8b000 	C:\Program Files\Android\Android Studio\jre\jre\bin\sunmscapi.dll
0x00007ffea2470000 - 0x00007ffea25c6000 	C:\WINDOWS\System32\CRYPT32.dll
0x00007ffea12d0000 - 0x00007ffea1303000 	C:\WINDOWS\SYSTEM32\ntmarta.dll
0x00007ffe9f8d0000 - 0x00007ffe9f960000 	C:\WINDOWS\system32\apphelp.dll

VM Arguments:
jvm_args: -Xmx1536m -Dfile.encoding=windows-1252 -Duser.country=US -Duser.language=en -Duser.variant 
java_command: org.gradle.launcher.daemon.bootstrap.GradleDaemon 6.1.1
java_class_path (initial): C:\Users\ASUS\.gradle\wrapper\dists\gradle-6.1.1-all\cfmwm155h49vnt3hynmlrsdst\gradle-6.1.1\lib\gradle-launcher-6.1.1.jar
Launcher Type: SUN_STANDARD

Environment Variables:
JAVA_HOME=C:\Program Files\Zulu\zulu-8
PATH=C:\Program Files\Zulu\zulu-8\bin\;C:\Windows\system32;C:\Windows;C:\Windows\System32\Wbem;C:\Windows\System32\WindowsPowerShell\v1.0\;C:\Windows\System32\OpenSSH\;C:\Program Files\NVIDIA Corporation\NVIDIA NvDLISR;C:\Program Files\nodejs\;C:\WINDOWS\system32;C:\WINDOWS;C:\WINDOWS\System32\Wbem;C:\WINDOWS\System32\WindowsPowerShell\v1.0\;C:\WINDOWS\System32\OpenSSH\;C:\Program Files (x86)\NVIDIA Corporation\PhysX\Common;C:\xampp\php;C:\ProgramData\ComposerSetup\bin;C:\Program Files\Git\cmd;C:\Program Files\Gradle\gradle-6.6\bin;C:\Program Files\MySQL\MySQL Shell 8.0\bin\;C:\Users\ASUS\AppData\Local\Programs\Python\Python38-32\Scripts\;C:\Users\ASUS\AppData\Local\Programs\Python\Python38-32\;C:\Users\ASUS\AppData\Local\Microsoft\WindowsApps;C:\Users\ASUS\AppData\Local\Programs\Microsoft VS Code\bin;C:\Users\ASUS\AppData\Roaming\npm;C:\Users\ASUS\AppData\Roaming\Composer\vendor\bin;C:\Users\ASUS\AppData\Local\atom\bin;C:\Program Files\heroku\bin;C:\Program Files\JetBrains\IntelliJ IDEA Community Edition 2020.3.2\bin;
USERNAME=ASUS
OS=Windows_NT
PROCESSOR_IDENTIFIER=Intel64 Family 6 Model 142 Stepping 10, GenuineIntel



---------------  S Y S T E M  ---------------

OS: Windows 10.0 , 64 bit Build 19041 (10.0.19041.804)

CPU:total 8 (initial active 8) (4 cores per cpu, 2 threads per core) family 6 model 142 stepping 10, cmov, cx8, fxsr, mmx, sse, sse2, sse3, ssse3, sse4.1, sse4.2, popcnt, avx, avx2, aes, clmul, erms, 3dnowpref, lzcnt, ht, tsc, tscinvbit, bmi1, bmi2, adx

Memory: 4k page, physical 8267556k(178004k free), swap 16656164k(6664k free)

vm_info: OpenJDK 64-Bit Server VM (25.242-b01) for windows-amd64 JRE (1.8.0_242-release-1644-b01), built by "builder" with MS VC++ 10.0 (VS2010)

time: Thu Mar 04 16:52:59 2021
timezone: SE Asia Standard Time
elapsed time: 115 seconds (0d 0h 1m 55s)

